{"server": "GraphQL-DB", "asctime": "2024-03-06 16:29:36,979", "level": "ERROR", "name": "root", "message": "(<class 'httpx.ConnectError'>, ConnectError('All connection attempts failed'), <traceback object at 0x0000013389ABF2C0>) Query: send_request, REST From: 34"}
{"server": "GraphQL-DB", "asctime": "2024-03-07 12:26:35,530", "level": "INFO", "name": "httpx", "message": "HTTP Request: GET http://127.0.0.1:5001/users/?page=1&limit=5 \"HTTP/1.1 401 Unauthorized\""}
{"server": "GraphQL-DB", "asctime": "2024-03-07 13:10:20,913", "level": "INFO", "name": "httpx", "message": "HTTP Request: POST http://127.0.0.1:5001/login/ \"HTTP/1.1 200 OK\""}
{"server": "GraphQL-DB", "asctime": "2024-03-07 13:10:30,439", "level": "INFO", "name": "httpx", "message": "HTTP Request: POST http://127.0.0.1:5001/login/ \"HTTP/1.1 200 OK\""}
{"server": "GraphQL-DB", "asctime": "2024-03-07 13:11:06,883", "level": "INFO", "name": "httpx", "message": "HTTP Request: GET http://127.0.0.1:5001/users/?page=1&limit=5 \"HTTP/1.1 200 OK\""}
{"server": "GraphQL-DB", "asctime": "2024-03-07 13:11:15,750", "level": "INFO", "name": "httpx", "message": "HTTP Request: GET http://127.0.0.1:5001/users/?page=1&limit=5 \"HTTP/1.1 200 OK\""}
{"server": "GraphQL-DB", "asctime": "2024-03-07 13:12:07,162", "level": "INFO", "name": "httpx", "message": "HTTP Request: GET http://127.0.0.1:5001/users/?page=1&limit=5 \"HTTP/1.1 200 OK\""}
{"server": "GraphQL-DB", "asctime": "2024-03-07 13:12:09,285", "level": "INFO", "name": "httpx", "message": "HTTP Request: GET http://127.0.0.1:5001/users/?page=1&limit=5 \"HTTP/1.1 200 OK\""}
{"server": "GraphQL-DB", "asctime": "2024-03-07 13:30:31,816", "level": "INFO", "name": "httpx", "message": "HTTP Request: GET http://127.0.0.1:5001/users/?page=1&limit=5 \"HTTP/1.1 200 OK\""}
{"server": "GraphQL-DB", "asctime": "2024-03-07 14:34:36,939", "level": "INFO", "name": "httpx", "message": "HTTP Request: GET http://127.0.0.1:5001/users/?page=1&limit=10 \"HTTP/1.1 200 OK\""}
{"server": "GraphQL-DB", "asctime": "2024-03-07 14:40:08,461", "level": "ERROR", "name": "admin.graphql", "message": "Cannot query field 'getUserx' on type 'Query'. Did you mean 'getUser', 'getOrder', or 'getUrls'?\n\nGraphQL request:3:17\n2 |             query GetUser ($page: Int, $limit: Int) {\n3 |                 getUserx(page: $page, limit: $limit) {\n  |                 ^\n4 |                     message", "exc_info": "graphql.error.graphql_error.GraphQLError: Cannot query field 'getUserx' on type 'Query'. Did you mean 'getUser', 'getOrder', or 'getUrls'?\n\nGraphQL request:3:17\n2 |             query GetUser ($page: Int, $limit: Int) {\n3 |                 getUserx(page: $page, limit: $limit) {\n  |                 ^\n4 |                     message"}
{"server": "GraphQL-DB", "asctime": "2024-03-07 15:03:54,152", "level": "INFO", "name": "httpx", "message": "HTTP Request: GET http://127.0.0.1:5001/users/?page=1&limit=10 \"HTTP/1.1 200 OK\""}
{"server": "GraphQL-DB", "asctime": "2024-03-07 15:04:17,930", "level": "INFO", "name": "httpx", "message": "HTTP Request: GET http://127.0.0.1:5001/users/?page=1&limit=10 \"HTTP/1.1 200 OK\""}
{"server": "GraphQL-DB", "asctime": "2024-03-09 12:13:38,632", "level": "ERROR", "name": "root", "message": "(<class 'redis.exceptions.ConnectionError'>, ConnectionError('Error 10061 connecting to localhost:6379. No connection could be made because the target machine actively refused it.'), <traceback object at 0x000001D498A8D740>) Query: get, redis From: 39"}
{"server": "GraphQL-DB", "asctime": "2024-03-09 12:13:38,703", "level": "ERROR", "name": "root", "message": "(<class 'TypeError'>, TypeError('DataLoader must be constructed with a function which accepts Iterable<key> and returns Future<Iterable<value>>, but the function did not return a Future of a Iterable: False.'), <traceback object at 0x000001D498A94A00>) Query: resolve_users, query From: 74"}
{"server": "GraphQL-DB", "asctime": "2024-03-09 12:23:04,910", "level": "ERROR", "name": "root", "message": "(<class 'redis.exceptions.DataError'>, DataError(TypeError('A tuple item must be str, int, float or bytes.')), <traceback object at 0x000001D498BB3E40>) Query: get, redis From: 39"}
{"server": "GraphQL-DB", "asctime": "2024-03-09 12:23:04,911", "level": "ERROR", "name": "root", "message": "(<class 'TypeError'>, TypeError('DataLoader must be constructed with a function which accepts Iterable<key> and returns Future<Iterable<value>>, but the function did not return a Future of a Iterable: False.'), <traceback object at 0x000001D498B70B80>) Query: resolve_users, query From: 74"}
{"server": "GraphQL-DB", "asctime": "2024-03-09 12:26:43,950", "level": "ERROR", "name": "root", "message": "(<class 'redis.exceptions.DataError'>, DataError(TypeError('A tuple item must be str, int, float or bytes.')), <traceback object at 0x000001FAA85C4640>) Query: get, redis From: 39"}
{"server": "GraphQL-DB", "asctime": "2024-03-09 12:26:43,951", "level": "ERROR", "name": "root", "message": "(<class 'TypeError'>, TypeError('DataLoader must be constructed with a function which accepts Iterable<key> and returns Future<Iterable<value>>, but the function did not return a Future of a Iterable: False.'), <traceback object at 0x000001FAA85FC840>) Query: resolve_users, query From: 74"}
{"server": "GraphQL-DB", "asctime": "2024-03-09 12:28:16,504", "level": "ERROR", "name": "root", "message": "(<class 'TypeError'>, TypeError('DataLoader must be constructed with a function which accepts Iterable<key> and returns Future<Iterable<value>>, but the function did not return a Future of a Iterable with the same length as the Iterable of keys.\\n\\nKeys:\\n[1]\\n\\nValues:\\n[]'), <traceback object at 0x000001F16D443AC0>) Query: resolve_users, query From: 74"}
{"server": "GraphQL-DB", "asctime": "2024-03-09 12:28:42,273", "level": "ERROR", "name": "root", "message": "(<class 'TypeError'>, TypeError('DataLoader must be constructed with a function which accepts Iterable<key> and returns Future<Iterable<value>>, but the function did not return a Future of a Iterable: False.'), <traceback object at 0x0000016BD30C4840>) Query: resolve_users, query From: 74"}
{"server": "GraphQL-DB", "asctime": "2024-03-09 12:31:13,731", "level": "ERROR", "name": "root", "message": "(<class 'TypeError'>, TypeError('DataLoader must be constructed with a function which accepts Iterable<key> and returns Future<Iterable<value>>, but the function did not return a Future of a Iterable with the same length as the Iterable of keys.\\n\\nKeys:\\n[1]\\n\\nValues:\\n[]'), <traceback object at 0x000001D5EF944080>) Query: resolve_users, query From: 74"}
{"server": "GraphQL-DB", "asctime": "2024-03-09 12:31:56,324", "level": "INFO", "name": "httpx", "message": "HTTP Request: GET http://127.0.0.1:5001/users/?page=1&limit=10 \"HTTP/1.1 401 Unauthorized\""}
{"server": "GraphQL-DB", "asctime": "2024-03-09 12:39:07,453", "level": "INFO", "name": "httpx", "message": "HTTP Request: GET http://127.0.0.1:5001/users/?page=1&limit=10 \"HTTP/1.1 401 Unauthorized\""}
{"server": "GraphQL-DB", "asctime": "2024-03-09 12:39:08,673", "level": "INFO", "name": "httpx", "message": "HTTP Request: GET http://127.0.0.1:5001/users/?page=1&limit=10 \"HTTP/1.1 401 Unauthorized\""}
{"server": "GraphQL-DB", "asctime": "2024-03-09 12:39:09,618", "level": "INFO", "name": "httpx", "message": "HTTP Request: GET http://127.0.0.1:5001/users/?page=1&limit=10 \"HTTP/1.1 401 Unauthorized\""}
{"server": "GraphQL-DB", "asctime": "2024-03-09 12:39:10,571", "level": "INFO", "name": "httpx", "message": "HTTP Request: GET http://127.0.0.1:5001/users/?page=1&limit=10 \"HTTP/1.1 401 Unauthorized\""}
{"server": "GraphQL-DB", "asctime": "2024-03-09 12:40:42,899", "level": "INFO", "name": "httpx", "message": "HTTP Request: GET http://127.0.0.1:5001/users/?page=1&limit=10 \"HTTP/1.1 401 Unauthorized\""}
{"server": "GraphQL-DB", "asctime": "2024-03-09 12:43:16,114", "level": "INFO", "name": "httpx", "message": "HTTP Request: GET http://127.0.0.1:5001/users/?page=1&limit=10 \"HTTP/1.1 401 Unauthorized\""}
{"server": "GraphQL-DB", "asctime": "2024-03-09 12:43:58,337", "level": "INFO", "name": "httpx", "message": "HTTP Request: GET http://127.0.0.1:5001/users/?page=1&limit=10 \"HTTP/1.1 401 Unauthorized\""}
{"server": "GraphQL-DB", "asctime": "2024-03-09 12:49:16,891", "level": "INFO", "name": "httpx", "message": "HTTP Request: GET http://127.0.0.1:5001/users/?page=1&limit=10 \"HTTP/1.1 401 Unauthorized\""}
{"server": "GraphQL-DB", "asctime": "2024-03-09 12:49:36,376", "level": "INFO", "name": "httpx", "message": "HTTP Request: GET http://127.0.0.1:5001/users/?page=1&limit=10 \"HTTP/1.1 401 Unauthorized\""}
{"server": "GraphQL-DB", "asctime": "2024-03-09 12:51:19,881", "level": "INFO", "name": "httpx", "message": "HTTP Request: GET http://127.0.0.1:5001/users/?page=1&limit=10 \"HTTP/1.1 401 Unauthorized\""}
{"server": "GraphQL-DB", "asctime": "2024-03-09 13:29:24,360", "level": "ERROR", "name": "root", "message": "(<class 'AttributeError'>, AttributeError(\"module 'jwt' has no attribute 'decode'\"), <traceback object at 0x0000022F73FDA580>) Query: Token decode From: 22"}
{"server": "GraphQL-DB", "asctime": "2024-03-09 13:29:24,397", "level": "INFO", "name": "httpx", "message": "HTTP Request: GET http://127.0.0.1:5001/users/?page=1&limit=10 \"HTTP/1.1 401 Unauthorized\""}
{"server": "GraphQL-DB", "asctime": "2024-03-09 14:18:34,190", "level": "ERROR", "name": "root", "message": "(<class 'TypeError'>, TypeError('key must be an instance of a class implements jwt.AbstractJWKBase'), <traceback object at 0x000002447EDA4400>) : Token decode From: 23"}
{"server": "GraphQL-DB", "asctime": "2024-03-09 14:18:34,231", "level": "INFO", "name": "httpx", "message": "HTTP Request: GET http://127.0.0.1:5001/users/?page=1&limit=10 \"HTTP/1.1 401 Unauthorized\""}
{"server": "GraphQL-DB", "asctime": "2024-03-09 14:22:22,574", "level": "INFO", "name": "root", "message": " : GetUser - {} From: Graphql"}
{"server": "GraphQL-DB", "asctime": "2024-03-09 14:22:22,574", "level": "ERROR", "name": "root", "message": "(<class 'TypeError'>, TypeError('key must be an instance of a class implements jwt.AbstractJWKBase'), <traceback object at 0x0000014AB77A4600>) : Token decode From: 23"}
{"server": "GraphQL-DB", "asctime": "2024-03-09 14:22:22,602", "level": "INFO", "name": "httpx", "message": "HTTP Request: GET http://127.0.0.1:5001/users/?page=1&limit=10 \"HTTP/1.1 401 Unauthorized\""}
{"server": "GraphQL-DB", "asctime": "2024-03-09 14:39:28,952", "level": "INFO", "name": "root", "message": " : GetUser - {} From: Graphql"}
{"server": "GraphQL-DB", "asctime": "2024-03-09 14:39:28,953", "level": "ERROR", "name": "root", "message": "(<class 'jwt.exceptions.InvalidSignatureError'>, InvalidSignatureError('Signature verification failed'), <traceback object at 0x00000257C08B6C00>) : Token decode From: 23"}
{"server": "GraphQL-DB", "asctime": "2024-03-09 14:39:28,982", "level": "INFO", "name": "httpx", "message": "HTTP Request: GET http://127.0.0.1:5001/users/?page=1&limit=10 \"HTTP/1.1 401 Unauthorized\""}
{"server": "GraphQL-DB", "asctime": "2024-03-09 14:40:25,544", "level": "INFO", "name": "root", "message": " : LoginUser - {} From: Graphql"}
{"server": "GraphQL-DB", "asctime": "2024-03-09 14:40:25,544", "level": "ERROR", "name": "root", "message": "(<class 'jwt.exceptions.InvalidSignatureError'>, InvalidSignatureError('Signature verification failed'), <traceback object at 0x00000261C4CD9540>) : Token decode From: 23"}
{"server": "GraphQL-DB", "asctime": "2024-03-09 14:40:25,546", "level": "ERROR", "name": "admin.graphql", "message": "Expected value of type 'String!', found null.\n\nGraphQL request:2:27\n1 | query LoginUser {\n2 |     loginUser(login_user: null, login_password: null) {\n  |                           ^\n3 |         message", "exc_info": "graphql.error.graphql_error.GraphQLError: Expected value of type 'String!', found null.\n\nGraphQL request:2:27\n1 | query LoginUser {\n2 |     loginUser(login_user: null, login_password: null) {\n  |                           ^\n3 |         message"}
{"server": "GraphQL-DB", "asctime": "2024-03-09 14:40:25,547", "level": "ERROR", "name": "admin.graphql", "message": "Expected value of type 'String!', found null.\n\nGraphQL request:2:49\n1 | query LoginUser {\n2 |     loginUser(login_user: null, login_password: null) {\n  |                                                 ^\n3 |         message", "exc_info": "graphql.error.graphql_error.GraphQLError: Expected value of type 'String!', found null.\n\nGraphQL request:2:49\n1 | query LoginUser {\n2 |     loginUser(login_user: null, login_password: null) {\n  |                                                 ^\n3 |         message"}
{"server": "GraphQL-DB", "asctime": "2024-03-09 14:40:41,326", "level": "INFO", "name": "root", "message": " : GetUser - {} From: Graphql"}
{"server": "GraphQL-DB", "asctime": "2024-03-09 14:40:41,327", "level": "ERROR", "name": "root", "message": "(<class 'jwt.exceptions.InvalidSignatureError'>, InvalidSignatureError('Signature verification failed'), <traceback object at 0x00000261C4CE5780>) : Token decode From: 23"}
{"server": "GraphQL-DB", "asctime": "2024-03-09 14:40:41,356", "level": "INFO", "name": "httpx", "message": "HTTP Request: GET http://127.0.0.1:5001/users/?page=1&limit=5 \"HTTP/1.1 200 OK\""}
{"server": "GraphQL-DB", "asctime": "2024-03-09 14:46:06,150", "level": "INFO", "name": "root", "message": " : GetUser - {} From: Graphql"}
{"server": "GraphQL-DB", "asctime": "2024-03-09 14:46:06,151", "level": "ERROR", "name": "root", "message": "(<class 'jwt.exceptions.InvalidSignatureError'>, InvalidSignatureError('Signature verification failed'), <traceback object at 0x000001D8CE5F8C80>) : Token decode From: 23"}
{"server": "GraphQL-DB", "asctime": "2024-03-09 14:46:06,181", "level": "INFO", "name": "httpx", "message": "HTTP Request: GET http://127.0.0.1:5001/users/?page=1&limit=5 \"HTTP/1.1 200 OK\""}
{"server": "GraphQL-DB", "asctime": "2024-03-09 14:51:24,834", "level": "INFO", "name": "root", "message": " : GetUser - {} From: Graphql"}
{"server": "GraphQL-DB", "asctime": "2024-03-09 14:51:24,835", "level": "ERROR", "name": "root", "message": "(<class 'jwt.exceptions.InvalidSignatureError'>, InvalidSignatureError('Signature verification failed'), <traceback object at 0x000001D8CE6A55C0>) : Token decode From: 23"}
{"server": "GraphQL-DB", "asctime": "2024-03-09 14:51:24,875", "level": "INFO", "name": "httpx", "message": "HTTP Request: GET http://127.0.0.1:5001/users/?page=1&limit=5 \"HTTP/1.1 200 OK\""}
{"server": "GraphQL-DB", "asctime": "2024-03-09 14:52:13,472", "level": "INFO", "name": "root", "message": " : GetUser - {} From: Graphql"}
{"server": "GraphQL-DB", "asctime": "2024-03-09 14:52:13,472", "level": "ERROR", "name": "root", "message": "(<class 'jwt.exceptions.InvalidSignatureError'>, InvalidSignatureError('Signature verification failed'), <traceback object at 0x000001D8CE6BBB80>) : Token decode From: 23"}
{"server": "GraphQL-DB", "asctime": "2024-03-09 14:52:13,506", "level": "INFO", "name": "httpx", "message": "HTTP Request: GET http://127.0.0.1:5001/users/?page=1&limit=5 \"HTTP/1.1 200 OK\""}
{"server": "GraphQL-DB", "asctime": "2024-03-09 14:53:35,485", "level": "INFO", "name": "root", "message": " : GetUser - {} From: Graphql"}
{"server": "GraphQL-DB", "asctime": "2024-03-09 14:53:35,485", "level": "ERROR", "name": "root", "message": "(<class 'jwt.exceptions.InvalidSignatureError'>, InvalidSignatureError('Signature verification failed'), <traceback object at 0x00000250FF4B58C0>) : Token decode From: 23"}
{"server": "GraphQL-DB", "asctime": "2024-03-09 14:53:35,524", "level": "INFO", "name": "httpx", "message": "HTTP Request: GET http://127.0.0.1:5001/users/?page=1&limit=5 \"HTTP/1.1 200 OK\""}
{"server": "GraphQL-DB", "asctime": "2024-03-09 14:54:42,504", "level": "INFO", "name": "root", "message": " : GetUser - {} From: Graphql"}
{"server": "GraphQL-DB", "asctime": "2024-03-09 14:54:42,504", "level": "ERROR", "name": "root", "message": "(<class 'jwt.exceptions.InvalidSignatureError'>, InvalidSignatureError('Signature verification failed'), <traceback object at 0x00000250FF532680>) : Token decode From: 23"}
{"server": "GraphQL-DB", "asctime": "2024-03-09 14:54:42,528", "level": "INFO", "name": "httpx", "message": "HTTP Request: GET http://127.0.0.1:5001/users/?page=1&limit=5 \"HTTP/1.1 200 OK\""}
{"server": "GraphQL-DB", "asctime": "2024-03-09 14:55:36,405", "level": "INFO", "name": "root", "message": " : GetUser - {} From: Graphql"}
{"server": "GraphQL-DB", "asctime": "2024-03-09 14:55:36,405", "level": "ERROR", "name": "root", "message": "(<class 'jwt.exceptions.InvalidSignatureError'>, InvalidSignatureError('Signature verification failed'), <traceback object at 0x00000209FEEADB40>) : Token decode From: 23"}
{"server": "GraphQL-DB", "asctime": "2024-03-09 14:55:36,441", "level": "INFO", "name": "httpx", "message": "HTTP Request: GET http://127.0.0.1:5001/users/?page=1&limit=5 \"HTTP/1.1 401 Unauthorized\""}
{"server": "GraphQL-DB", "asctime": "2024-03-09 14:56:18,489", "level": "INFO", "name": "root", "message": " : GetUser - {} From: Graphql"}
{"server": "GraphQL-DB", "asctime": "2024-03-09 14:56:18,489", "level": "ERROR", "name": "root", "message": "(<class 'jwt.exceptions.InvalidSignatureError'>, InvalidSignatureError('Signature verification failed'), <traceback object at 0x000001A11CC40A40>) : Token decode From: 23"}
{"server": "GraphQL-DB", "asctime": "2024-03-09 14:56:18,515", "level": "INFO", "name": "httpx", "message": "HTTP Request: GET http://127.0.0.1:5001/users/?page=1&limit=5 \"HTTP/1.1 401 Unauthorized\""}
{"server": "GraphQL-DB", "asctime": "2024-03-09 14:56:58,077", "level": "INFO", "name": "root", "message": " : No_name - {} From: Graphql"}
{"server": "GraphQL-DB", "asctime": "2024-03-09 14:56:58,077", "level": "ERROR", "name": "root", "message": "(<class 'jwt.exceptions.InvalidSignatureError'>, InvalidSignatureError('Signature verification failed'), <traceback object at 0x000001A11CCBE8C0>) : Token decode From: 23"}
{"server": "GraphQL-DB", "asctime": "2024-03-09 14:57:04,812", "level": "INFO", "name": "root", "message": " : GetUser - {} From: Graphql"}
{"server": "GraphQL-DB", "asctime": "2024-03-09 14:57:04,834", "level": "INFO", "name": "httpx", "message": "HTTP Request: GET http://127.0.0.1:5001/users/?page=1&limit=5 \"HTTP/1.1 200 OK\""}
{"server": "GraphQL-DB", "asctime": "2024-03-09 15:05:08,293", "level": "INFO", "name": "root", "message": " : CreateUsers - {} From: Graphql"}
{"server": "GraphQL-DB", "asctime": "2024-03-09 15:15:50,703", "level": "INFO", "name": "root", "message": " : CreateUsers - {} From: Graphql"}
{"server": "GraphQL-DB", "asctime": "2024-03-09 15:15:50,706", "level": "ERROR", "name": "root", "message": "(<class 'TypeError'>, TypeError(\"'coroutine' object is not subscriptable\"), <traceback object at 0x0000020D48CF2F00>) : resolve_users, mutation From: 50"}
{"server": "GraphQL-DB", "asctime": "2024-03-09 15:16:15,961", "level": "INFO", "name": "root", "message": " : GetUser - {} From: Graphql"}
{"server": "GraphQL-DB", "asctime": "2024-03-09 15:16:15,963", "level": "ERROR", "name": "root", "message": "(<class 'KeyError'>, KeyError('user_loader'), <traceback object at 0x0000020D497B1200>) : resolve_users, query From: 74"}
{"server": "GraphQL-DB", "asctime": "2024-03-09 15:18:41,905", "level": "INFO", "name": "root", "message": " : GetUser - {} From: Graphql"}
{"server": "GraphQL-DB", "asctime": "2024-03-09 15:18:41,907", "level": "ERROR", "name": "root", "message": "(<class 'AttributeError'>, AttributeError(\"'coroutine' object has no attribute 'load'\"), <traceback object at 0x0000021E020A9900>) : resolve_users, query From: 74"}
{"server": "GraphQL-DB", "asctime": "2024-03-09 15:21:50,909", "level": "INFO", "name": "root", "message": " : GetUser - {} From: Graphql"}
{"server": "GraphQL-DB", "asctime": "2024-03-09 15:21:50,911", "level": "ERROR", "name": "root", "message": "(<class 'AttributeError'>, AttributeError(\"'coroutine' object has no attribute 'load'\"), <traceback object at 0x00000236C649B9C0>) : resolve_users, query From: 74"}
{"server": "GraphQL-DB", "asctime": "2024-03-09 15:23:23,347", "level": "INFO", "name": "root", "message": " : GetUser - {} From: Graphql"}
{"server": "GraphQL-DB", "asctime": "2024-03-09 15:23:23,349", "level": "ERROR", "name": "root", "message": "(<class 'AttributeError'>, AttributeError(\"'coroutine' object has no attribute 'load'\"), <traceback object at 0x000002A040219900>) : resolve_users, query From: 74"}
{"server": "GraphQL-DB", "asctime": "2024-03-09 15:24:00,588", "level": "INFO", "name": "root", "message": " : GetUser - {} From: Graphql"}
{"server": "GraphQL-DB", "asctime": "2024-03-09 15:24:00,590", "level": "ERROR", "name": "root", "message": "(<class 'AttributeError'>, AttributeError(\"'coroutine' object has no attribute 'load'\"), <traceback object at 0x000001C359F1E7C0>) : resolve_users, query From: 74"}
{"server": "GraphQL-DB", "asctime": "2024-03-09 15:24:39,901", "level": "INFO", "name": "root", "message": " : GetUser - {} From: Graphql"}
{"server": "GraphQL-DB", "asctime": "2024-03-09 15:24:39,903", "level": "ERROR", "name": "root", "message": "(<class 'AttributeError'>, AttributeError(\"'str' object has no attribute 'load'\"), <traceback object at 0x000001F5D8315500>) : resolve_users, query From: 74"}
{"server": "GraphQL-DB", "asctime": "2024-03-09 15:25:07,286", "level": "INFO", "name": "root", "message": " : GetUser - {} From: Graphql"}
{"server": "GraphQL-DB", "asctime": "2024-03-09 15:25:07,293", "level": "ERROR", "name": "root", "message": "(<class 'AttributeError'>, AttributeError(\"'str' object has no attribute 'load'\"), <traceback object at 0x000002C4BA925C40>) : resolve_users, query From: 74"}
{"server": "GraphQL-DB", "asctime": "2024-03-09 15:29:40,430", "level": "INFO", "name": "root", "message": " : GetUser - {} From: Graphql"}
{"server": "GraphQL-DB", "asctime": "2024-03-09 15:29:40,437", "level": "ERROR", "name": "root", "message": "(<class 'AttributeError'>, AttributeError(\"'str' object has no attribute 'load'\"), <traceback object at 0x0000023A82C21B80>) : resolve_users, query From: 74"}
{"server": "GraphQL-DB", "asctime": "2024-03-09 15:29:48,385", "level": "INFO", "name": "root", "message": " : GetUser - {} From: Graphql"}
{"server": "GraphQL-DB", "asctime": "2024-03-09 15:29:48,388", "level": "ERROR", "name": "root", "message": "(<class 'AttributeError'>, AttributeError(\"'str' object has no attribute 'load'\"), <traceback object at 0x0000023A82C18380>) : resolve_users, query From: 74"}
{"server": "GraphQL-DB", "asctime": "2024-03-09 15:31:00,508", "level": "INFO", "name": "root", "message": " : GetUser - {} From: Graphql"}
{"server": "GraphQL-DB", "asctime": "2024-03-09 15:31:00,515", "level": "ERROR", "name": "root", "message": "(<class 'AttributeError'>, AttributeError(\"'str' object has no attribute 'load'\"), <traceback object at 0x000002438FEEF240>) : resolve_users, query From: 74"}
{"server": "GraphQL-DB", "asctime": "2024-03-09 15:31:03,707", "level": "INFO", "name": "root", "message": " : GetUser - {} From: Graphql"}
{"server": "GraphQL-DB", "asctime": "2024-03-09 15:31:03,710", "level": "ERROR", "name": "root", "message": "(<class 'AttributeError'>, AttributeError(\"'str' object has no attribute 'load'\"), <traceback object at 0x000002438FEE6D40>) : resolve_users, query From: 74"}
{"server": "GraphQL-DB", "asctime": "2024-03-09 16:09:39,737", "level": "INFO", "name": "root", "message": " : GetUser - {} From: Graphql"}
{"server": "GraphQL-DB", "asctime": "2024-03-09 16:09:39,743", "level": "ERROR", "name": "root", "message": "(<class 'TypeError'>, TypeError(\"object str can't be used in 'await' expression\"), <traceback object at 0x0000016BBE5E7FC0>) : resolve_users, query From: 75"}
{"server": "GraphQL-DB", "asctime": "2024-03-09 16:14:09,461", "level": "INFO", "name": "root", "message": " : GetUser - {} From: Graphql"}
{"server": "GraphQL-DB", "asctime": "2024-03-09 16:14:09,491", "level": "INFO", "name": "httpx", "message": "HTTP Request: GET http://127.0.0.1:5001/users/?page=1&limit=5 \"HTTP/1.1 200 OK\""}
{"server": "GraphQL-DB", "asctime": "2024-03-09 16:14:26,171", "level": "INFO", "name": "root", "message": " : GetUser - {} From: Graphql"}
{"server": "GraphQL-DB", "asctime": "2024-03-09 16:14:26,193", "level": "INFO", "name": "httpx", "message": "HTTP Request: GET http://127.0.0.1:5001/users/?page=1&limit=5 \"HTTP/1.1 200 OK\""}
{"server": "GraphQL-DB", "asctime": "2024-03-09 17:09:40,733", "level": "INFO", "name": "root", "message": " : GetUser - {} From: Graphql"}
{"server": "GraphQL-DB", "asctime": "2024-03-09 17:10:38,477", "level": "INFO", "name": "root", "message": " : GetUser - {} From: Graphql"}
{"server": "GraphQL-DB", "asctime": "2024-03-09 17:10:38,484", "level": "ERROR", "name": "admin.graphql", "message": "must be str, not GraphQLResolveInfo\n\nGraphQL request:8:9\n7 |         previous\n8 |         count\n  |         ^\n9 |     }", "exc_info": "Traceback (most recent call last):\n  File \"D:\\Backend\\auditando\\graphql\\.auditando_ariadne\\lib\\site-packages\\graphql\\execution\\execute.py\", line 521, in execute_field\n    result = resolve_fn(source, info, **args)\n  File \"D:\\Backend\\auditando\\graphql\\.auditando_ariadne\\lib\\site-packages\\graphql\\execution\\execute.py\", line 1250, in default_field_resolver\n    return value(info, **args)\nTypeError: must be str, not GraphQLResolveInfo\n\nThe above exception was the direct cause of the following exception:\n\nTraceback (most recent call last):\n  File \"D:\\Backend\\auditando\\graphql\\.auditando_ariadne\\lib\\site-packages\\graphql\\execution\\execute.py\", line 521, in execute_field\n    result = resolve_fn(source, info, **args)\n  File \"D:\\Backend\\auditando\\graphql\\.auditando_ariadne\\lib\\site-packages\\graphql\\execution\\execute.py\", line 1250, in default_field_resolver\n    return value(info, **args)\ngraphql.error.graphql_error.GraphQLError: must be str, not GraphQLResolveInfo\n\nGraphQL request:8:9\n7 |         previous\n8 |         count\n  |         ^\n9 |     }"}
{"server": "GraphQL-DB", "asctime": "2024-03-09 17:12:15,871", "level": "INFO", "name": "root", "message": " : GetUser - {} From: Graphql"}
{"server": "GraphQL-DB", "asctime": "2024-03-09 17:12:15,907", "level": "INFO", "name": "httpx", "message": "HTTP Request: GET http://127.0.0.1:5001/users/?page=1&limit=5 \"HTTP/1.1 200 OK\""}
{"server": "GraphQL-DB", "asctime": "2024-03-09 17:13:40,411", "level": "INFO", "name": "root", "message": " : GetUser - {} From: Graphql"}
{"server": "GraphQL-DB", "asctime": "2024-03-09 17:14:10,998", "level": "INFO", "name": "root", "message": " : GetUser - {} From: Graphql"}
{"server": "GraphQL-DB", "asctime": "2024-03-09 17:14:11,032", "level": "INFO", "name": "httpx", "message": "HTTP Request: GET http://127.0.0.1:5001/users/?page=1&limit=5 \"HTTP/1.1 200 OK\""}
{"server": "GraphQL-DB", "asctime": "2024-03-09 17:14:23,190", "level": "INFO", "name": "root", "message": " : GetUser - {} From: Graphql"}
{"server": "GraphQL-DB", "asctime": "2024-03-09 17:14:33,069", "level": "INFO", "name": "root", "message": " : GetUser - {} From: Graphql"}
{"server": "GraphQL-DB", "asctime": "2024-03-09 17:14:33,091", "level": "INFO", "name": "httpx", "message": "HTTP Request: GET http://127.0.0.1:5001/users/?page=1&limit=5 \"HTTP/1.1 200 OK\""}
{"server": "GraphQL-DB", "asctime": "2024-03-09 17:14:36,637", "level": "INFO", "name": "root", "message": " : GetUser - {} From: Graphql"}
{"server": "GraphQL-DB", "asctime": "2024-03-09 17:14:37,816", "level": "INFO", "name": "root", "message": " : GetUser - {} From: Graphql"}
{"server": "GraphQL-DB", "asctime": "2024-03-09 17:14:38,868", "level": "INFO", "name": "root", "message": " : GetUser - {} From: Graphql"}
{"server": "GraphQL-DB", "asctime": "2024-03-09 17:14:39,889", "level": "INFO", "name": "root", "message": " : GetUser - {} From: Graphql"}
{"server": "GraphQL-DB", "asctime": "2024-03-09 17:14:40,810", "level": "INFO", "name": "root", "message": " : GetUser - {} From: Graphql"}
{"server": "GraphQL-DB", "asctime": "2024-03-10 16:24:59,100", "level": "ERROR", "name": "root", "message": "(<class 'jwt.exceptions.ExpiredSignatureError'>, ExpiredSignatureError('Signature has expired'), <traceback object at 0x0000015520773A40>) : Token decode From: 22"}
{"server": "GraphQL-DB", "asctime": "2024-03-10 16:24:59,100", "level": "INFO", "name": "root", "message": " : No_name - {} From: Graphql"}
{"server": "GraphQL-DB", "asctime": "2024-03-10 16:25:02,591", "level": "ERROR", "name": "root", "message": "(<class 'jwt.exceptions.ExpiredSignatureError'>, ExpiredSignatureError('Signature has expired'), <traceback object at 0x00000155207BCDC0>) : Token decode From: 22"}
{"server": "GraphQL-DB", "asctime": "2024-03-10 16:25:02,591", "level": "INFO", "name": "root", "message": " : GetUser - {} From: Graphql"}
{"server": "GraphQL-DB", "asctime": "2024-03-10 16:25:02,665", "level": "INFO", "name": "httpx", "message": "HTTP Request: GET http://127.0.0.1:5001/users/?page=1&limit=5 \"HTTP/1.1 401 Unauthorized\""}
{"server": "GraphQL-DB", "asctime": "2024-03-10 16:30:30,318", "level": "ERROR", "name": "root", "message": "(<class 'jwt.exceptions.ExpiredSignatureError'>, ExpiredSignatureError('Signature has expired'), <traceback object at 0x00000155207C7DC0>) : Token decode From: 22"}
{"server": "GraphQL-DB", "asctime": "2024-03-10 16:30:30,318", "level": "INFO", "name": "root", "message": " : GetUser - {} From: Graphql"}
{"server": "GraphQL-DB", "asctime": "2024-03-10 16:30:30,339", "level": "INFO", "name": "httpx", "message": "HTTP Request: GET http://127.0.0.1:5001/users/?page=1&limit=5 \"HTTP/1.1 401 Unauthorized\""}
{"server": "GraphQL-DB", "asctime": "2024-03-10 16:31:59,745", "level": "INFO", "name": "root", "message": " : GetUser - {} From: Graphql"}
{"server": "GraphQL-DB", "asctime": "2024-03-10 16:31:59,746", "level": "ERROR", "name": "root", "message": "(<class 'jwt.exceptions.ExpiredSignatureError'>, ExpiredSignatureError('Signature has expired'), <traceback object at 0x000001FEE2CEB640>) : Token decode From: 22"}
{"server": "GraphQL-DB", "asctime": "2024-03-10 16:31:59,774", "level": "INFO", "name": "httpx", "message": "HTTP Request: GET http://127.0.0.1:5001/users/?page=1&limit=5 \"HTTP/1.1 401 Unauthorized\""}
{"server": "GraphQL-DB", "asctime": "2024-03-10 16:32:42,850", "level": "INFO", "name": "root", "message": " : GetUser - {} From: Graphql"}
{"server": "GraphQL-DB", "asctime": "2024-03-10 16:32:42,850", "level": "ERROR", "name": "root", "message": "(<class 'jwt.exceptions.ExpiredSignatureError'>, ExpiredSignatureError('Signature has expired'), <traceback object at 0x0000027A81063C40>) : Token decode From: 22"}
{"server": "GraphQL-DB", "asctime": "2024-03-10 16:32:42,879", "level": "INFO", "name": "httpx", "message": "HTTP Request: GET http://127.0.0.1:5001/users/?page=1&limit=5 \"HTTP/1.1 401 Unauthorized\""}
{"server": "GraphQL-DB", "asctime": "2024-03-10 16:32:45,783", "level": "INFO", "name": "root", "message": " : GetUser - {} From: Graphql"}
{"server": "GraphQL-DB", "asctime": "2024-03-10 16:32:45,784", "level": "ERROR", "name": "root", "message": "(<class 'jwt.exceptions.ExpiredSignatureError'>, ExpiredSignatureError('Signature has expired'), <traceback object at 0x0000027A81119C00>) : Token decode From: 22"}
{"server": "GraphQL-DB", "asctime": "2024-03-10 16:32:45,802", "level": "INFO", "name": "httpx", "message": "HTTP Request: GET http://127.0.0.1:5001/users/?page=1&limit=5 \"HTTP/1.1 401 Unauthorized\""}
{"server": "GraphQL-DB", "asctime": "2024-03-10 16:32:58,617", "level": "INFO", "name": "root", "message": " : GetUser - {} From: Graphql"}
{"server": "GraphQL-DB", "asctime": "2024-03-10 16:32:58,617", "level": "ERROR", "name": "root", "message": "(<class 'jwt.exceptions.ExpiredSignatureError'>, ExpiredSignatureError('Signature has expired'), <traceback object at 0x00000158C302AD80>) : Token decode From: 22"}
{"server": "GraphQL-DB", "asctime": "2024-03-10 16:32:58,646", "level": "INFO", "name": "httpx", "message": "HTTP Request: GET http://127.0.0.1:5001/users/?page=1&limit=5 \"HTTP/1.1 401 Unauthorized\""}
{"server": "GraphQL-DB", "asctime": "2024-03-10 16:36:06,742", "level": "INFO", "name": "root", "message": " : GetUser - {} From: Graphql"}
{"server": "GraphQL-DB", "asctime": "2024-03-10 16:36:06,742", "level": "ERROR", "name": "root", "message": "(<class 'jwt.exceptions.ExpiredSignatureError'>, ExpiredSignatureError('Signature has expired'), <traceback object at 0x000001FDC97D3AC0>) : Token decode From: 22"}
{"server": "GraphQL-DB", "asctime": "2024-03-10 16:36:06,771", "level": "INFO", "name": "httpx", "message": "HTTP Request: GET http://127.0.0.1:5001/users/?page=1&limit=5 \"HTTP/1.1 401 Unauthorized\""}
{"server": "GraphQL-DB", "asctime": "2024-03-10 16:36:08,632", "level": "INFO", "name": "root", "message": " : GetUser - {} From: Graphql"}
{"server": "GraphQL-DB", "asctime": "2024-03-10 16:36:08,632", "level": "ERROR", "name": "root", "message": "(<class 'jwt.exceptions.ExpiredSignatureError'>, ExpiredSignatureError('Signature has expired'), <traceback object at 0x000001FDCA0A40C0>) : Token decode From: 22"}
{"server": "GraphQL-DB", "asctime": "2024-03-10 16:36:08,654", "level": "INFO", "name": "httpx", "message": "HTTP Request: GET http://127.0.0.1:5001/users/?page=1&limit=5 \"HTTP/1.1 401 Unauthorized\""}
{"server": "GraphQL-DB", "asctime": "2024-03-10 16:42:12,260", "level": "INFO", "name": "root", "message": " : IntrospectionQuery - No_variables From: Graphql"}
{"server": "GraphQL-DB", "asctime": "2024-03-10 16:42:41,985", "level": "INFO", "name": "root", "message": " : IntrospectionQuery - No_variables From: Graphql"}
{"server": "GraphQL-DB", "asctime": "2024-03-10 16:42:48,524", "level": "INFO", "name": "root", "message": " : IntrospectionQuery - No_variables From: Graphql"}
{"server": "GraphQL-DB", "asctime": "2024-03-10 16:42:50,092", "level": "INFO", "name": "root", "message": " : IntrospectionQuery - No_variables From: Graphql"}
{"server": "GraphQL-DB", "asctime": "2024-03-10 16:42:50,924", "level": "INFO", "name": "root", "message": " : IntrospectionQuery - No_variables From: Graphql"}
{"server": "GraphQL-DB", "asctime": "2024-03-10 16:43:33,546", "level": "INFO", "name": "root", "message": " : IntrospectionQuery - No_variables From: Graphql"}
{"server": "GraphQL-DB", "asctime": "2024-03-10 16:43:35,311", "level": "INFO", "name": "root", "message": " : IntrospectionQuery - No_variables From: Graphql"}
{"server": "GraphQL-DB", "asctime": "2024-03-10 16:43:36,311", "level": "INFO", "name": "root", "message": " : IntrospectionQuery - No_variables From: Graphql"}
{"server": "GraphQL-DB", "asctime": "2024-03-10 16:46:54,072", "level": "INFO", "name": "root", "message": " : GetUser - {} From: Graphql"}
{"server": "GraphQL-DB", "asctime": "2024-03-10 16:46:54,073", "level": "ERROR", "name": "root", "message": "(<class 'jwt.exceptions.ExpiredSignatureError'>, ExpiredSignatureError('Signature has expired'), <traceback object at 0x000002289E3E49C0>) : Token decode From: 22"}
{"server": "GraphQL-DB", "asctime": "2024-03-10 16:46:54,075", "level": "ERROR", "name": "root", "message": "(<class 'NameError'>, NameError(\"name 'a' is not defined\"), <traceback object at 0x000002289DB7CE80>) : resolve_users, query From: 78"}
{"server": "GraphQL-DB", "asctime": "2024-03-10 16:47:23,046", "level": "INFO", "name": "root", "message": " : GetUser - {} From: Graphql"}
{"server": "GraphQL-DB", "asctime": "2024-03-10 16:47:23,047", "level": "ERROR", "name": "root", "message": "(<class 'jwt.exceptions.ExpiredSignatureError'>, ExpiredSignatureError('Signature has expired'), <traceback object at 0x000002E3269CAD00>) : Token decode From: 22"}
{"server": "GraphQL-DB", "asctime": "2024-03-10 16:47:23,050", "level": "ERROR", "name": "ariadne", "message": "name 'a' is not defined\n\nGraphQL request:2:5\n1 | query GetUser {\n2 |     getUser {\n  |     ^\n3 |         message", "exc_info": "Traceback (most recent call last):\n  File \"D:\\Backend\\auditando\\graphql\\.auditando_ariadne\\lib\\site-packages\\graphql\\execution\\execute.py\", line 528, in await_result\n    return_type, field_nodes, info, path, await result\n  File \"D:\\Backend\\auditando\\graphql\\api\\graphql\\query\\__init__.py\", line 77, in resolve_getUser\n    a\nNameError: name 'a' is not defined\n\nThe above exception was the direct cause of the following exception:\n\nTraceback (most recent call last):\n  File \"D:\\Backend\\auditando\\graphql\\.auditando_ariadne\\lib\\site-packages\\graphql\\execution\\execute.py\", line 528, in await_result\n    return_type, field_nodes, info, path, await result\n  File \"D:\\Backend\\auditando\\graphql\\api\\graphql\\query\\__init__.py\", line 77, in resolve_getUser\n    a\ngraphql.error.graphql_error.GraphQLError: name 'a' is not defined\n\nGraphQL request:2:5\n1 | query GetUser {\n2 |     getUser {\n  |     ^\n3 |         message"}
{"server": "GraphQL-DB", "asctime": "2024-03-10 16:53:51,537", "level": "INFO", "name": "root", "message": " : GetUser - {} From: Graphql"}
{"server": "GraphQL-DB", "asctime": "2024-03-10 16:53:51,538", "level": "ERROR", "name": "root", "message": "(<class 'jwt.exceptions.ExpiredSignatureError'>, ExpiredSignatureError('Signature has expired'), <traceback object at 0x0000022ED7B16980>) : Token decode From: 22"}
{"server": "GraphQL-DB", "asctime": "2024-03-10 16:53:51,566", "level": "INFO", "name": "httpx", "message": "HTTP Request: GET http://127.0.0.1:5001/users/?page=1&limit=5 \"HTTP/1.1 401 Unauthorized\""}
{"server": "GraphQL-DB", "asctime": "2024-03-10 23:26:05,050", "level": "INFO", "name": "root", "message": " : IntrospectionQuery - No_variables From: Graphql"}
{"server": "GraphQL-DB", "asctime": "2024-03-10 23:26:10,364", "level": "INFO", "name": "root", "message": " : GetUser - {} From: Graphql"}
{"server": "GraphQL-DB", "asctime": "2024-03-10 23:26:10,364", "level": "ERROR", "name": "root", "message": "(<class 'jwt.exceptions.ExpiredSignatureError'>, ExpiredSignatureError('Signature has expired'), <traceback object at 0x000001F7CF233640>) : Token decode From: 22"}
{"server": "GraphQL-DB", "asctime": "2024-03-10 23:26:14,433", "level": "ERROR", "name": "root", "message": "(<class 'redis.exceptions.ConnectionError'>, ConnectionError('Error 10061 connecting to localhost:6379. No connection could be made because the target machine actively refused it.'), <traceback object at 0x000001F7CF233D80>) : get, redis From: 39"}
{"server": "GraphQL-DB", "asctime": "2024-03-10 23:26:16,468", "level": "ERROR", "name": "root", "message": "(<class 'httpx.ConnectError'>, ConnectError('All connection attempts failed'), <traceback object at 0x000001F7CF28BB00>) : send_request, REST From: 34"}
{"server": "GraphQL-DB", "asctime": "2024-03-10 23:33:44,467", "level": "INFO", "name": "root", "message": " : IntrospectionQuery - No_variables From: Graphql"}
{"server": "GraphQL-DB", "asctime": "2024-03-11 08:53:48,752", "level": "INFO", "name": "root", "message": " : IntrospectionQuery - No_variables From: Graphql"}
{"server": "GraphQL-DB", "asctime": "2024-03-11 09:29:05,077", "level": "ERROR", "name": "root", "message": "(<class 'starlette.exceptions.HTTPException'>, HTTPException(status_code=405, detail='Method Not Allowed'), <traceback object at 0x000001DD563D7C80>) : send_request, REST From: 44"}
{"server": "GraphQL-DB", "asctime": "2024-03-11 09:29:05,077", "level": "ERROR", "name": "root", "message": "(<class 'TypeError'>, TypeError(\"'dict' object is not callable\"), <traceback object at 0x000001DD563907C0>) : send_request, REST From: 164"}
{"server": "GraphQL-DB", "asctime": "2024-03-11 09:52:56,242", "level": "ERROR", "name": "root", "message": "(<class 'starlette.exceptions.HTTPException'>, HTTPException(status_code=405, detail='Method Not Allowed'), <traceback object at 0x0000020546D052C0>) : Internal Error, exception_handlers From: 44"}
{"server": "GraphQL-DB", "asctime": "2024-03-11 09:52:56,243", "level": "ERROR", "name": "root", "message": "(<class 'TypeError'>, TypeError(\"'dict' object is not callable\"), <traceback object at 0x0000020546D053C0>) : Internal Error, exception_handlers From: 164"}
{"server": "GraphQL-DB", "asctime": "2024-03-11 11:28:27,519", "level": "ERROR", "name": "root", "message": "Exception handlers : Method Not Allowed From: 405"}
{"server": "GraphQL-DB", "asctime": "2024-03-11 11:38:08,468", "level": "ERROR", "name": "root", "message": "Exception handlers : Method Not Allowed From: 405"}
{"server": "GraphQL-DB", "asctime": "2024-03-11 11:38:23,966", "level": "ERROR", "name": "root", "message": "Exception handlers : Method Not Allowed From: 405"}
{"server": "GraphQL-DB", "asctime": "2024-03-11 11:38:36,529", "level": "ERROR", "name": "root", "message": " Exception_handlers : Method Not Allowed - 405 From: http://127.0.0.1:5000/"}
{"server": "GraphQL-DB", "asctime": "2024-03-11 13:22:19,690", "level": "ERROR", "name": "root", "message": " Exception_handlers : Method Not Allowed - 405 From: http://127.0.0.1:5000/"}
{"server": "GraphQL-DB", "asctime": "2024-03-11 13:22:22,565", "level": "INFO", "name": "root", "message": " : No_name - {} From: Graphql"}
{"server": "GraphQL-DB", "asctime": "2024-03-11 13:22:22,565", "level": "ERROR", "name": "root", "message": "(<class 'jwt.exceptions.ExpiredSignatureError'>, ExpiredSignatureError('Signature has expired'), <traceback object at 0x0000028E90436240>) : Token decode From: 26"}
{"server": "GraphQL-DB", "asctime": "2024-03-11 16:11:23,439", "level": "INFO", "name": "root", "message": " : GetUser - {} From: Graphql"}
{"server": "GraphQL-DB", "asctime": "2024-03-11 16:11:23,440", "level": "ERROR", "name": "root", "message": "(<class 'jwt.exceptions.ExpiredSignatureError'>, ExpiredSignatureError('Signature has expired'), <traceback object at 0x000002AFFD920E80>) : Token decode From: 26"}
{"server": "GraphQL-DB", "asctime": "2024-03-11 16:11:23,443", "level": "ERROR", "name": "ariadne", "message": "Cannot query field 'getUaser' on type 'Query'. Did you mean 'getUser', 'getOrder', or 'getUrls'?\n\nGraphQL request:2:5\n1 | query GetUser {\n2 |     getUaser {\n  |     ^\n3 |         message", "exc_info": "graphql.error.graphql_error.GraphQLError: Cannot query field 'getUaser' on type 'Query'. Did you mean 'getUser', 'getOrder', or 'getUrls'?\n\nGraphQL request:2:5\n1 | query GetUser {\n2 |     getUaser {\n  |     ^\n3 |         message"}
{"server": "GraphQL-DB", "asctime": "2024-03-11 16:20:08,261", "level": "INFO", "name": "root", "message": " : CreateUsers - {} From: Graphql"}
{"server": "GraphQL-DB", "asctime": "2024-03-11 16:20:08,261", "level": "ERROR", "name": "root", "message": "(<class 'jwt.exceptions.ExpiredSignatureError'>, ExpiredSignatureError('Signature has expired'), <traceback object at 0x000002AFFD8C5F00>) : Token decode From: 26"}
{"server": "GraphQL-DB", "asctime": "2024-03-11 16:20:08,264", "level": "ERROR", "name": "root", "message": "(<class 'TypeError'>, TypeError(\"'coroutine' object is not subscriptable\"), <traceback object at 0x000002AFFD8CC0C0>) : resolve_users, mutation From: 50"}
{"server": "GraphQL-DB", "asctime": "2024-03-11 16:20:28,138", "level": "INFO", "name": "root", "message": " : CreateUsers - {} From: Graphql"}
{"server": "GraphQL-DB", "asctime": "2024-03-11 16:20:28,138", "level": "ERROR", "name": "root", "message": "(<class 'jwt.exceptions.ExpiredSignatureError'>, ExpiredSignatureError('Signature has expired'), <traceback object at 0x000002AFFE1CE980>) : Token decode From: 26"}
{"server": "GraphQL-DB", "asctime": "2024-03-11 16:20:28,140", "level": "ERROR", "name": "ariadne", "message": "Field 'emaila' is not defined by type 'UserInput'. Did you mean 'email'?\n\nGraphQL request:2:30\n1 | mutation CreateUsers {\n2 |     createUsers(user_data: { emaila: null }) {\n  |                              ^\n3 |         message", "exc_info": "graphql.error.graphql_error.GraphQLError: Field 'emaila' is not defined by type 'UserInput'. Did you mean 'email'?\n\nGraphQL request:2:30\n1 | mutation CreateUsers {\n2 |     createUsers(user_data: { emaila: null }) {\n  |                              ^\n3 |         message"}
{"server": "GraphQL-DB", "asctime": "2024-03-11 16:34:22,920", "level": "INFO", "name": "root", "message": " : UpdateNotifications - {} From: Graphql"}
{"server": "GraphQL-DB", "asctime": "2024-03-11 16:34:22,920", "level": "ERROR", "name": "root", "message": "(<class 'jwt.exceptions.ExpiredSignatureError'>, ExpiredSignatureError('Signature has expired'), <traceback object at 0x000002AFFE195C80>) : Token decode From: 26"}
{"server": "GraphQL-DB", "asctime": "2024-03-11 16:43:22,937", "level": "INFO", "name": "root", "message": " : UpdateNotifications - {} From: Graphql"}
{"server": "GraphQL-DB", "asctime": "2024-03-11 16:43:22,938", "level": "ERROR", "name": "root", "message": "(<class 'jwt.exceptions.ExpiredSignatureError'>, ExpiredSignatureError('Signature has expired'), <traceback object at 0x000002AFFE1E2800>) : Token decode From: 26"}
{"server": "GraphQL-DB", "asctime": "2024-03-11 16:43:22,939", "level": "ERROR", "name": "ariadne", "message": "Cannot query field 'updateNotififcations' on type 'Subscription'. Did you mean 'updateNotifications'?\n\nGraphQL request:2:5\n1 | subscription UpdateNotifications {\n2 |     updateNotififcations {\n  |     ^\n3 |         id", "exc_info": "graphql.error.graphql_error.GraphQLError: Cannot query field 'updateNotififcations' on type 'Subscription'. Did you mean 'updateNotifications'?\n\nGraphQL request:2:5\n1 | subscription UpdateNotifications {\n2 |     updateNotififcations {\n  |     ^\n3 |         id"}
{"server": "GraphQL-DB", "asctime": "2024-03-12 12:04:45,486", "level": "ERROR", "name": "root", "message": " Exception_handlers : Not Found - 404 From: http://127.0.0.1:5000/favicon.ico"}
{"server": "GraphQL-DB", "asctime": "2024-03-12 12:05:08,572", "level": "INFO", "name": "root", "message": " : No_name - {} From: Graphql"}
{"server": "GraphQL-DB", "asctime": "2024-03-12 12:05:08,573", "level": "ERROR", "name": "root", "message": "(<class 'jwt.exceptions.ExpiredSignatureError'>, ExpiredSignatureError('Signature has expired'), <traceback object at 0x000002462C168D00>) : Token decode From: 26"}
{"server": "GraphQL-DB", "asctime": "2024-03-12 12:05:33,409", "level": "INFO", "name": "root", "message": " : LoginUser - {} From: Graphql"}
{"server": "GraphQL-DB", "asctime": "2024-03-12 12:05:33,409", "level": "ERROR", "name": "root", "message": "(<class 'jwt.exceptions.ExpiredSignatureError'>, ExpiredSignatureError('Signature has expired'), <traceback object at 0x000002462C26C380>) : Token decode From: 26"}
{"server": "GraphQL-DB", "asctime": "2024-03-12 12:05:33,410", "level": "ERROR", "name": "ariadne", "message": "Expected value of type 'String!', found null.\n\nGraphQL request:2:27\n1 | query LoginUser {\n2 |     loginUser(login_user: null, login_password: null) {\n  |                           ^\n3 |         message", "exc_info": "graphql.error.graphql_error.GraphQLError: Expected value of type 'String!', found null.\n\nGraphQL request:2:27\n1 | query LoginUser {\n2 |     loginUser(login_user: null, login_password: null) {\n  |                           ^\n3 |         message"}
{"server": "GraphQL-DB", "asctime": "2024-03-12 12:05:33,412", "level": "ERROR", "name": "ariadne", "message": "Expected value of type 'String!', found null.\n\nGraphQL request:2:49\n1 | query LoginUser {\n2 |     loginUser(login_user: null, login_password: null) {\n  |                                                 ^\n3 |         message", "exc_info": "graphql.error.graphql_error.GraphQLError: Expected value of type 'String!', found null.\n\nGraphQL request:2:49\n1 | query LoginUser {\n2 |     loginUser(login_user: null, login_password: null) {\n  |                                                 ^\n3 |         message"}
{"server": "GraphQL-DB", "asctime": "2024-03-12 12:05:57,694", "level": "INFO", "name": "root", "message": " : LoginUser - {} From: Graphql"}
{"server": "GraphQL-DB", "asctime": "2024-03-12 12:05:57,695", "level": "ERROR", "name": "root", "message": "(<class 'jwt.exceptions.ExpiredSignatureError'>, ExpiredSignatureError('Signature has expired'), <traceback object at 0x000002462C28A240>) : Token decode From: 26"}
{"server": "GraphQL-DB", "asctime": "2024-03-12 12:06:01,703", "level": "ERROR", "name": "root", "message": "(<class 'redis.exceptions.ConnectionError'>, ConnectionError('Error 10061 connecting to localhost:6379. No connection could be made because the target machine actively refused it.'), <traceback object at 0x000002462C28AD40>) : get, redis From: 39"}
{"server": "GraphQL-DB", "asctime": "2024-03-12 12:06:03,734", "level": "ERROR", "name": "root", "message": "(<class 'httpx.ConnectError'>, ConnectError('All connection attempts failed'), <traceback object at 0x000002462C2A3240>) : send_request, REST From: 34"}
{"server": "GraphQL-DB", "asctime": "2024-03-12 12:07:00,340", "level": "INFO", "name": "root", "message": " : GetUser - {} From: Graphql"}
{"server": "GraphQL-DB", "asctime": "2024-03-12 12:07:00,342", "level": "ERROR", "name": "root", "message": "(<class 'jwt.exceptions.ExpiredSignatureError'>, ExpiredSignatureError('Signature has expired'), <traceback object at 0x000002462C16FB00>) : Token decode From: 26"}
{"server": "GraphQL-DB", "asctime": "2024-03-12 12:07:04,349", "level": "ERROR", "name": "root", "message": "(<class 'redis.exceptions.ConnectionError'>, ConnectionError('Error 10061 connecting to localhost:6379. No connection could be made because the target machine actively refused it.'), <traceback object at 0x000002462C2A3A00>) : get, redis From: 39"}
{"server": "GraphQL-DB", "asctime": "2024-03-12 12:07:06,359", "level": "ERROR", "name": "root", "message": "(<class 'httpx.ConnectError'>, ConnectError('All connection attempts failed'), <traceback object at 0x000002462C2E2B00>) : send_request, REST From: 34"}
{"server": "GraphQL-DB", "asctime": "2024-03-12 12:07:11,166", "level": "INFO", "name": "root", "message": " : GetLicense - {} From: Graphql"}
{"server": "GraphQL-DB", "asctime": "2024-03-12 12:07:11,166", "level": "ERROR", "name": "root", "message": "(<class 'jwt.exceptions.ExpiredSignatureError'>, ExpiredSignatureError('Signature has expired'), <traceback object at 0x000002462C2E2B40>) : Token decode From: 26"}
{"server": "GraphQL-DB", "asctime": "2024-03-12 12:07:11,168", "level": "ERROR", "name": "root", "message": "(<class 'KeyError'>, KeyError('license_loader'), <traceback object at 0x000002462C0A8140>) : resolve_getLicense, query From: 129"}
{"server": "GraphQL-DB", "asctime": "2024-03-12 12:07:16,422", "level": "INFO", "name": "root", "message": " : GetOrder - {} From: Graphql"}
{"server": "GraphQL-DB", "asctime": "2024-03-12 12:07:16,422", "level": "ERROR", "name": "root", "message": "(<class 'jwt.exceptions.ExpiredSignatureError'>, ExpiredSignatureError('Signature has expired'), <traceback object at 0x000002462C2EAEC0>) : Token decode From: 26"}
{"server": "GraphQL-DB", "asctime": "2024-03-12 12:07:16,424", "level": "ERROR", "name": "root", "message": "(<class 'KeyError'>, KeyError('order_loader'), <traceback object at 0x000002462C2DD980>) : resolve_getOrder, query From: 149"}
{"server": "GraphQL-DB", "asctime": "2024-03-12 12:07:22,986", "level": "INFO", "name": "root", "message": " : GetNotification - {} From: Graphql"}
{"server": "GraphQL-DB", "asctime": "2024-03-12 12:07:22,986", "level": "ERROR", "name": "root", "message": "(<class 'jwt.exceptions.ExpiredSignatureError'>, ExpiredSignatureError('Signature has expired'), <traceback object at 0x000002462C2F65C0>) : Token decode From: 26"}
{"server": "GraphQL-DB", "asctime": "2024-03-12 12:07:22,988", "level": "ERROR", "name": "root", "message": "(<class 'KeyError'>, KeyError('notification_loader'), <traceback object at 0x000002462C2A3C80>) : resolve_getNotification, query From: 166"}
{"server": "GraphQL-DB", "asctime": "2024-06-06 14:28:10,451", "level": "INFO", "name": "root", "message": " : No_name - {} From: Graphql", "taskName": "Task-4"}
{"server": "GraphQL-DB", "asctime": "2024-06-06 14:28:10,451", "level": "ERROR", "name": "root", "message": "(<class 'jwt.exceptions.InvalidSignatureError'>, InvalidSignatureError('Signature verification failed'), <traceback object at 0x0000020035A5C240>) : Token decode From: 26", "taskName": "Task-4"}
{"server": "GraphQL-DB", "asctime": "2024-06-06 14:28:14,926", "level": "INFO", "name": "root", "message": " : LoginUser - {} From: Graphql", "taskName": "Task-6"}
{"server": "GraphQL-DB", "asctime": "2024-06-06 14:28:14,928", "level": "ERROR", "name": "root", "message": "(<class 'jwt.exceptions.InvalidSignatureError'>, InvalidSignatureError('Signature verification failed'), <traceback object at 0x0000020035AB0E80>) : Token decode From: 26", "taskName": "Task-6"}
{"server": "GraphQL-DB", "asctime": "2024-06-06 14:28:14,929", "level": "ERROR", "name": "ariadne", "message": "Expected value of type 'String!', found null.\n\nGraphQL request:2:27\n1 | query LoginUser {\n2 |     loginUser(login_user: null, login_password: null) {\n  |                           ^\n3 |         message", "exc_info": "graphql.error.graphql_error.GraphQLError: Expected value of type 'String!', found null.\n\nGraphQL request:2:27\n1 | query LoginUser {\n2 |     loginUser(login_user: null, login_password: null) {\n  |                           ^\n3 |         message", "taskName": "Task-6"}
{"server": "GraphQL-DB", "asctime": "2024-06-06 14:28:14,931", "level": "ERROR", "name": "ariadne", "message": "Expected value of type 'String!', found null.\n\nGraphQL request:2:49\n1 | query LoginUser {\n2 |     loginUser(login_user: null, login_password: null) {\n  |                                                 ^\n3 |         message", "exc_info": "graphql.error.graphql_error.GraphQLError: Expected value of type 'String!', found null.\n\nGraphQL request:2:49\n1 | query LoginUser {\n2 |     loginUser(login_user: null, login_password: null) {\n  |                                                 ^\n3 |         message", "taskName": "Task-6"}
{"server": "GraphQL-DB", "asctime": "2024-06-06 14:28:57,870", "level": "INFO", "name": "root", "message": " : LoginUser - {} From: Graphql", "taskName": "Task-8"}
{"server": "GraphQL-DB", "asctime": "2024-06-06 14:28:57,870", "level": "ERROR", "name": "root", "message": "(<class 'jwt.exceptions.InvalidSignatureError'>, InvalidSignatureError('Signature verification failed'), <traceback object at 0x0000020035AA68C0>) : Token decode From: 26", "taskName": "Task-8"}
{"server": "GraphQL-DB", "asctime": "2024-06-06 14:28:57,872", "level": "ERROR", "name": "ariadne", "message": "Query.resolve_loginUser() missing 1 required positional argument: 'info'\n\nGraphQL request:2:5\n1 | query LoginUser {\n2 |     loginUser(login_user: \"giovannyjunco@gmail.com\", login_password: \"aqHT7854+\") {\n  |     ^\n3 |         message", "exc_info": "Traceback (most recent call last):\n  File \"D:\\Backend\\auditando\\graphql\\.auditando_ariadne\\Lib\\site-packages\\graphql\\execution\\execute.py\", line 521, in execute_field\n    result = resolve_fn(source, info, **args)\n             ^^^^^^^^^^^^^^^^^^^^^^^^^^^^^^^^\nTypeError: Query.resolve_loginUser() missing 1 required positional argument: 'info'\n\nThe above exception was the direct cause of the following exception:\n\nTraceback (most recent call last):\n  File \"D:\\Backend\\auditando\\graphql\\.auditando_ariadne\\Lib\\site-packages\\graphql\\execution\\execute.py\", line 521, in execute_field\n    result = resolve_fn(source, info, **args)\n             ^^^^^^^^^^^^^^^^^^^^^^^^^^^^^^^^\ngraphql.error.graphql_error.GraphQLError: Query.resolve_loginUser() missing 1 required positional argument: 'info'\n\nGraphQL request:2:5\n1 | query LoginUser {\n2 |     loginUser(login_user: \"giovannyjunco@gmail.com\", login_password: \"aqHT7854+\") {\n  |     ^\n3 |         message", "taskName": "Task-8"}
{"server": "GraphQL-DB", "asctime": "2024-06-06 14:29:25,953", "level": "INFO", "name": "root", "message": " : LoginUser - {} From: Graphql", "taskName": "Task-4"}
{"server": "GraphQL-DB", "asctime": "2024-06-06 14:29:25,953", "level": "ERROR", "name": "root", "message": "(<class 'jwt.exceptions.InvalidSignatureError'>, InvalidSignatureError('Signature verification failed'), <traceback object at 0x00000259BDD72B00>) : Token decode From: 26", "taskName": "Task-4"}
{"server": "GraphQL-DB", "asctime": "2024-06-06 14:31:09,207", "level": "INFO", "name": "root", "message": " : LoginUser - {} From: Graphql", "taskName": "Task-7"}
{"server": "GraphQL-DB", "asctime": "2024-06-06 14:31:09,208", "level": "ERROR", "name": "root", "message": "(<class 'jwt.exceptions.InvalidSignatureError'>, InvalidSignatureError('Signature verification failed'), <traceback object at 0x00000259BDDF0A40>) : Token decode From: 26", "taskName": "Task-7"}
{"server": "GraphQL-DB", "asctime": "2024-06-06 14:43:17,682", "level": "INFO", "name": "root", "message": " : LoginUser - {} From: Graphql", "taskName": "Task-10"}
{"server": "GraphQL-DB", "asctime": "2024-06-06 14:43:17,682", "level": "ERROR", "name": "root", "message": "(<class 'jwt.exceptions.InvalidSignatureError'>, InvalidSignatureError('Signature verification failed'), <traceback object at 0x00000259BDE34600>) : Token decode From: 26", "taskName": "Task-10"}
{"server": "GraphQL-DB", "asctime": "2024-06-06 14:48:45,277", "level": "INFO", "name": "root", "message": " : IntrospectionQuery - No_variables From: Graphql", "taskName": "Task-7"}
{"server": "GraphQL-DB", "asctime": "2024-06-06 14:48:45,369", "level": "ERROR", "name": "root", "message": " Exception_handlers : Not Found - 404 From: http://127.0.0.1:5000/favicon.ico", "taskName": "Task-8"}
{"server": "GraphQL-DB", "asctime": "2024-06-06 14:48:51,815", "level": "INFO", "name": "root", "message": " : LoginUser - {} From: Graphql", "taskName": "Task-10"}
{"server": "GraphQL-DB", "asctime": "2024-06-06 14:49:43,120", "level": "INFO", "name": "root", "message": " : LoginUser - {} From: Graphql", "taskName": "Task-4"}
{"server": "GraphQL-DB", "asctime": "2024-06-06 14:49:43,125", "level": "ERROR", "name": "root", "message": "(<class 'ValueError'>, ValueError(\"invalid literal for int() with base 10: 'django-insecure-8b_%(xsi$8&ez2ln!dqox15v@1^-81s5-7r8bpwbz%ln8p7$'\"), <traceback object at 0x000001D000A36BC0>) : get, redis From: 45", "taskName": "Task-5"}
{"server": "GraphQL-DB", "asctime": "2024-06-06 14:49:43,304", "level": "ERROR", "name": "root", "message": "(<class 'httpx.UnsupportedProtocol'>, UnsupportedProtocol(\"Request URL is missing an 'http://' or 'https://' protocol.\"), <traceback object at 0x000001D000A31B80>) : send_request, REST From: 39", "taskName": "Task-5"}
{"server": "GraphQL-DB", "asctime": "2024-06-06 14:52:55,130", "level": "INFO", "name": "root", "message": " : LoginUser - {} From: Graphql", "taskName": "Task-4"}
{"server": "GraphQL-DB", "asctime": "2024-06-06 14:52:55,133", "level": "ERROR", "name": "root", "message": "(<class 'ValueError'>, ValueError(\"invalid literal for int() with base 10: 'django-insecure-8b_%(xsi$8&ez2ln!dqox15v@1^-81s5-7r8bpwbz%ln8p7$'\"), <traceback object at 0x00000264A1E726C0>) : get, redis From: 45", "taskName": "Task-5"}
{"server": "GraphQL-DB", "asctime": "2024-06-06 14:52:55,303", "level": "ERROR", "name": "root", "message": "(<class 'httpx.UnsupportedProtocol'>, UnsupportedProtocol(\"Request URL is missing an 'http://' or 'https://' protocol.\"), <traceback object at 0x00000264A1E17FC0>) : send_request, REST From: 39", "taskName": "Task-5"}
{"server": "GraphQL-DB", "asctime": "2024-06-06 15:01:39,209", "level": "INFO", "name": "root", "message": " : LoginUser - {} From: Graphql", "taskName": "Task-4"}
{"server": "GraphQL-DB", "asctime": "2024-06-06 15:01:39,697", "level": "INFO", "name": "httpx", "message": "HTTP Request: POST http://127.0.0.1:5001/login/ \"HTTP/1.1 200 OK\"", "taskName": "Task-5"}
{"server": "GraphQL-DB", "asctime": "2024-06-06 15:02:16,412", "level": "INFO", "name": "root", "message": " : LoginUser - {} From: Graphql", "taskName": "Task-8"}
{"server": "GraphQL-DB", "asctime": "2024-06-06 15:02:16,887", "level": "INFO", "name": "httpx", "message": "HTTP Request: POST http://127.0.0.1:5001/login/ \"HTTP/1.1 200 OK\"", "taskName": "Task-9"}
{"server": "GraphQL-DB", "asctime": "2024-06-06 15:02:27,241", "level": "INFO", "name": "root", "message": " : LoginUser - {} From: Graphql", "taskName": "Task-12"}
{"server": "GraphQL-DB", "asctime": "2024-06-06 15:02:27,741", "level": "INFO", "name": "httpx", "message": "HTTP Request: POST http://127.0.0.1:5001/login/ \"HTTP/1.1 200 OK\"", "taskName": "Task-13"}
{"server": "GraphQL-DB", "asctime": "2024-06-06 15:18:26,481", "level": "INFO", "name": "root", "message": " : LoginUser - {} From: Graphql", "taskName": "Task-4"}
{"server": "GraphQL-DB", "asctime": "2024-06-06 15:18:26,965", "level": "INFO", "name": "httpx", "message": "HTTP Request: POST http://127.0.0.1:5001/login/ \"HTTP/1.1 200 OK\"", "taskName": "Task-5"}
{"server": "GraphQL-DB", "asctime": "2024-06-06 15:20:56,243", "level": "INFO", "name": "root", "message": " : LoginUser - {} From: Graphql", "taskName": "Task-4"}
{"server": "GraphQL-DB", "asctime": "2024-06-06 15:20:56,727", "level": "INFO", "name": "httpx", "message": "HTTP Request: POST http://127.0.0.1:5001/login/ \"HTTP/1.1 200 OK\"", "taskName": "Task-5"}
{"server": "GraphQL-DB", "asctime": "2024-06-06 15:25:26,488", "level": "INFO", "name": "root", "message": " : LoginUser - {} From: Graphql", "taskName": "Task-4"}
{"server": "GraphQL-DB", "asctime": "2024-06-06 15:25:27,040", "level": "INFO", "name": "httpx", "message": "HTTP Request: POST http://127.0.0.1:5001/login/ \"HTTP/1.1 200 OK\"", "taskName": "Task-5"}
{"server": "GraphQL-DB", "asctime": "2024-06-06 15:27:10,880", "level": "INFO", "name": "root", "message": " : LoginUser - {} From: Graphql", "taskName": "Task-4"}
{"server": "GraphQL-DB", "asctime": "2024-06-06 15:27:11,386", "level": "INFO", "name": "httpx", "message": "HTTP Request: POST http://127.0.0.1:5001/login/ \"HTTP/1.1 200 OK\"", "taskName": "Task-5"}
{"server": "GraphQL-DB", "asctime": "2024-06-06 15:29:20,910", "level": "INFO", "name": "root", "message": " : LoginUser - {} From: Graphql", "taskName": "Task-4"}
{"server": "GraphQL-DB", "asctime": "2024-06-06 15:29:21,420", "level": "INFO", "name": "httpx", "message": "HTTP Request: POST http://127.0.0.1:5001/login/ \"HTTP/1.1 200 OK\"", "taskName": "Task-5"}
{"server": "GraphQL-DB", "asctime": "2024-06-06 15:33:19,928", "level": "INFO", "name": "root", "message": " : LoginUser - {} From: Graphql", "taskName": "Task-4"}
{"server": "GraphQL-DB", "asctime": "2024-06-06 15:33:20,500", "level": "INFO", "name": "httpx", "message": "HTTP Request: POST http://127.0.0.1:5001/login/ \"HTTP/1.1 200 OK\"", "taskName": "Task-5"}
{"server": "GraphQL-DB", "asctime": "2024-06-06 15:47:03,370", "level": "INFO", "name": "root", "message": " : LoginUser - {} From: Graphql", "taskName": "Task-4"}
{"server": "GraphQL-DB", "asctime": "2024-06-06 15:47:03,884", "level": "INFO", "name": "httpx", "message": "HTTP Request: POST http://127.0.0.1:5001/login/ \"HTTP/1.1 200 OK\"", "taskName": "Task-5"}
{"server": "GraphQL-DB", "asctime": "2024-06-06 15:48:32,155", "level": "INFO", "name": "root", "message": " : LoginUser - {} From: Graphql", "taskName": "Task-4"}
{"server": "GraphQL-DB", "asctime": "2024-06-06 15:48:32,682", "level": "INFO", "name": "httpx", "message": "HTTP Request: POST http://127.0.0.1:5001/login/ \"HTTP/1.1 200 OK\"", "taskName": "Task-5"}
{"server": "GraphQL-DB", "asctime": "2024-06-06 15:49:25,940", "level": "INFO", "name": "root", "message": " : LoginUser - {} From: Graphql", "taskName": "Task-4"}
{"server": "GraphQL-DB", "asctime": "2024-06-06 15:49:26,449", "level": "INFO", "name": "httpx", "message": "HTTP Request: POST http://127.0.0.1:5001/login/ \"HTTP/1.1 200 OK\"", "taskName": "Task-5"}
{"server": "GraphQL-DB", "asctime": "2024-06-06 15:59:21,795", "level": "INFO", "name": "root", "message": " : LoginUser - {'login_user': 'giovannyjunco@gmail.com', 'login_password': 'aqHT7854+'} From: Graphql", "taskName": "Task-4"}
{"server": "GraphQL-DB", "asctime": "2024-06-06 15:59:22,278", "level": "INFO", "name": "httpx", "message": "HTTP Request: POST http://127.0.0.1:5001/login/ \"HTTP/1.1 200 OK\"", "taskName": "Task-5"}
{"server": "GraphQL-DB", "asctime": "2024-06-06 16:10:14,435", "level": "INFO", "name": "root", "message": " : LoginUser - {} From: Graphql", "taskName": "Task-4"}
{"server": "GraphQL-DB", "asctime": "2024-06-06 16:10:14,908", "level": "INFO", "name": "httpx", "message": "HTTP Request: POST http://127.0.0.1:5001/login/ \"HTTP/1.1 200 OK\"", "taskName": "Task-5"}
{"server": "GraphQL-DB", "asctime": "2024-06-06 16:10:27,558", "level": "INFO", "name": "root", "message": " : LoginUser - {} From: Graphql", "taskName": "Task-8"}
{"server": "GraphQL-DB", "asctime": "2024-06-06 16:10:28,029", "level": "INFO", "name": "httpx", "message": "HTTP Request: POST http://127.0.0.1:5001/login/ \"HTTP/1.1 200 OK\"", "taskName": "Task-9"}
{"server": "GraphQL-DB", "asctime": "2024-06-10 15:37:50,547", "level": "INFO", "name": "root", "message": " : No_name - {} From: Graphql", "taskName": "Task-4"}
{"server": "GraphQL-DB", "asctime": "2024-06-10 15:37:50,549", "level": "ERROR", "name": "root", "message": "(<class 'jwt.exceptions.ExpiredSignatureError'>, ExpiredSignatureError('Signature has expired'), <traceback object at 0x00000194B9924980>) : Token decode From: 26", "taskName": "Task-4"}
{"server": "GraphQL-DB", "asctime": "2024-06-10 15:37:55,394", "level": "INFO", "name": "root", "message": " : LoginUser - {} From: Graphql", "taskName": "Task-6"}
{"server": "GraphQL-DB", "asctime": "2024-06-10 15:37:55,396", "level": "ERROR", "name": "root", "message": "(<class 'TypeError'>, TypeError(\"ResolverRequest.__init__() got an unexpected keyword argument 'jaeger'\"), <traceback object at 0x00000194B9924C40>) : resolve_loginUser, query From: 69", "taskName": "Task-7"}
{"server": "GraphQL-DB", "asctime": "2024-06-10 15:38:37,470", "level": "INFO", "name": "root", "message": " : LoginUser - {} From: Graphql", "taskName": "Task-4"}
{"server": "GraphQL-DB", "asctime": "2024-06-10 15:38:37,472", "level": "ERROR", "name": "root", "message": "(<class 'TypeError'>, TypeError(\"ResolverRequest.__init__() got an unexpected keyword argument 'jaeger'\"), <traceback object at 0x00000168920F9480>) : resolve_loginUser, query From: 69", "taskName": "Task-5"}
{"server": "GraphQL-DB", "asctime": "2024-06-10 15:38:46,422", "level": "INFO", "name": "root", "message": " : LoginUser - {} From: Graphql", "taskName": "Task-7"}
{"server": "GraphQL-DB", "asctime": "2024-06-10 15:38:46,425", "level": "ERROR", "name": "root", "message": "(<class 'TypeError'>, TypeError(\"ResolverRequest.__init__() got an unexpected keyword argument 'jaeger'\"), <traceback object at 0x00000168920BDAC0>) : resolve_loginUser, query From: 69", "taskName": "Task-8"}
{"server": "GraphQL-DB", "asctime": "2024-06-13 07:43:03,462", "level": "INFO", "name": "root", "message": " : No_name - {} From: Graphql", "taskName": "Task-4"}
{"server": "GraphQL-DB", "asctime": "2024-06-13 07:43:03,463", "level": "ERROR", "name": "root", "message": "(<class 'jwt.exceptions.ExpiredSignatureError'>, ExpiredSignatureError('Signature has expired'), <traceback object at 0x0000018B38040C80>) : Token decode From: 26", "taskName": "Task-4"}
{"server": "GraphQL-DB", "asctime": "2024-06-13 07:43:07,734", "level": "INFO", "name": "root", "message": " : LoginUser - {} From: Graphql", "taskName": "Task-6"}
{"server": "GraphQL-DB", "asctime": "2024-06-13 07:43:07,737", "level": "ERROR", "name": "root", "message": "(<class 'TypeError'>, TypeError(\"ResolverRequest.__init__() got an unexpected keyword argument 'jaeger'\"), <traceback object at 0x0000018B36B211C0>) : resolve_loginUser, query From: 69", "taskName": "Task-7"}
{"server": "GraphQL-DB", "asctime": "2024-06-13 07:47:14,079", "level": "INFO", "name": "root", "message": " : LoginUser - {} From: Graphql", "taskName": "Task-4"}
{"server": "GraphQL-DB", "asctime": "2024-06-13 07:47:14,082", "level": "ERROR", "name": "root", "message": "(<class 'TypeError'>, TypeError('ResolverRequest.send_request() takes 1 positional argument but 2 were given'), <traceback object at 0x000001FA0A287DC0>) : resolve_default, query From: 82", "taskName": "Task-5"}
{"server": "GraphQL-DB", "asctime": "2024-06-13 07:49:27,534", "level": "INFO", "name": "root", "message": " : LoginUser - {} From: Graphql", "taskName": "Task-4"}
{"server": "GraphQL-DB", "asctime": "2024-06-13 07:49:27,537", "level": "ERROR", "name": "root", "message": "(<class 'TypeError'>, TypeError('ResolverRequest.send_request() takes 1 positional argument but 2 were given'), <traceback object at 0x000001EC7B112600>) : resolve_default, query From: 82", "taskName": "Task-5"}
{"server": "GraphQL-DB", "asctime": "2024-06-14 14:52:46,574", "level": "INFO", "name": "root", "message": " : No_name - {} From: Graphql", "taskName": "Task-4"}
{"server": "GraphQL-DB", "asctime": "2024-06-14 14:52:46,575", "level": "ERROR", "name": "root", "message": "(<class 'jwt.exceptions.ExpiredSignatureError'>, ExpiredSignatureError('Signature has expired'), <traceback object at 0x000001694C8DD2C0>) : Token decode From: 26", "taskName": "Task-4"}
{"server": "GraphQL-DB", "asctime": "2024-06-14 14:53:40,495", "level": "INFO", "name": "root", "message": " : LoginUser - {} From: Graphql", "taskName": "Task-6"}
{"server": "GraphQL-DB", "asctime": "2024-06-14 14:53:40,499", "level": "ERROR", "name": "root", "message": "(<class 'UnboundLocalError'>, UnboundLocalError(\"cannot access local variable 'url' where it is not associated with a value\"), <traceback object at 0x000001694C44AA80>) : resolve_default, query From: 83", "taskName": "Task-7"}
{"server": "GraphQL-DB", "asctime": "2024-06-14 14:56:32,159", "level": "INFO", "name": "root", "message": " : LoginUser - {} From: Graphql", "taskName": "Task-4"}
{"server": "GraphQL-DB", "asctime": "2024-06-14 14:56:32,715", "level": "INFO", "name": "httpx", "message": "HTTP Request: POST http://127.0.0.1:5001/login/ \"HTTP/1.1 200 OK\"", "taskName": "Task-5"}
{"server": "GraphQL-DB", "asctime": "2024-06-14 14:56:32,715", "level": "ERROR", "name": "root", "message": "(<class 'TypeError'>, TypeError('ResolverRequest.validate_error() takes 1 positional argument but 2 were given'), <traceback object at 0x000002D2310DED00>) : send_request, REST From: 52", "taskName": "Task-5"}
{"server": "GraphQL-DB", "asctime": "2024-06-14 15:10:27,657", "level": "INFO", "name": "root", "message": " : LoginUser - {} From: Graphql", "taskName": "Task-4"}
{"server": "GraphQL-DB", "asctime": "2024-06-14 15:10:28,142", "level": "INFO", "name": "httpx", "message": "HTTP Request: POST http://127.0.0.1:5001/login/ \"HTTP/1.1 200 OK\"", "taskName": "Task-5"}
{"server": "GraphQL-DB", "asctime": "2024-06-14 15:31:32,590", "level": "INFO", "name": "root", "message": " : LoginUser - {} From: Graphql", "taskName": "Task-4"}
{"server": "GraphQL-DB", "asctime": "2024-06-14 15:31:33,077", "level": "INFO", "name": "httpx", "message": "HTTP Request: POST http://127.0.0.1:5001/login/ \"HTTP/1.1 200 OK\"", "taskName": "Task-5"}
{"server": "GraphQL-DB", "asctime": "2024-06-14 15:34:33,289", "level": "INFO", "name": "root", "message": " : LoginUser - {} From: Graphql", "taskName": "Task-4"}
{"server": "GraphQL-DB", "asctime": "2024-06-14 15:34:33,814", "level": "INFO", "name": "httpx", "message": "HTTP Request: POST http://127.0.0.1:5001/login/ \"HTTP/1.1 200 OK\"", "taskName": "Task-5"}
{"server": "GraphQL-DB", "asctime": "2024-06-14 15:41:12,582", "level": "INFO", "name": "root", "message": " : LoginUser - {} From: Graphql", "taskName": "Task-4"}
{"server": "GraphQL-DB", "asctime": "2024-06-14 15:41:13,071", "level": "INFO", "name": "httpx", "message": "HTTP Request: POST http://127.0.0.1:5001/login/ \"HTTP/1.1 200 OK\"", "taskName": "Task-5"}
{"server": "GraphQL-DB", "asctime": "2024-06-14 15:43:05,856", "level": "INFO", "name": "root", "message": " : LoginUser - {} From: Graphql", "taskName": "Task-4"}
{"server": "GraphQL-DB", "asctime": "2024-06-14 15:43:06,379", "level": "INFO", "name": "httpx", "message": "HTTP Request: POST http://127.0.0.1:5001/login/ \"HTTP/1.1 200 OK\"", "taskName": "Task-5"}
{"server": "GraphQL-DB", "asctime": "2024-06-14 15:43:25,803", "level": "INFO", "name": "root", "message": " : LoginUser - {} From: Graphql", "taskName": "Task-4"}
{"server": "GraphQL-DB", "asctime": "2024-06-14 15:43:26,309", "level": "INFO", "name": "httpx", "message": "HTTP Request: POST http://127.0.0.1:5001/login/ \"HTTP/1.1 200 OK\"", "taskName": "Task-5"}
{"server": "GraphQL-DB", "asctime": "2024-06-14 16:24:49,844", "level": "INFO", "name": "root", "message": " : No_name - {} From: Graphql", "taskName": "Task-4"}
{"server": "GraphQL-DB", "asctime": "2024-06-14 16:24:49,845", "level": "ERROR", "name": "root", "message": "(<class 'jwt.exceptions.ExpiredSignatureError'>, ExpiredSignatureError('Signature has expired'), <traceback object at 0x0000029C07D13C40>) : Token decode From: 26", "taskName": "Task-4"}
{"server": "GraphQL-DB", "asctime": "2024-06-14 17:17:09,762", "level": "INFO", "name": "root", "message": " : LoginUser - {} From: Graphql", "taskName": "Task-4"}
{"server": "GraphQL-DB", "asctime": "2024-06-14 17:17:10,248", "level": "INFO", "name": "httpx", "message": "HTTP Request: POST http://127.0.0.1:5001/login/ \"HTTP/1.1 200 OK\"", "taskName": "Task-5"}
{"server": "GraphQL-DB", "asctime": "2024-06-14 17:18:38,238", "level": "INFO", "name": "root", "message": " : LoginUser - {} From: Graphql", "taskName": "Task-4"}
{"server": "GraphQL-DB", "asctime": "2024-06-14 17:28:48,862", "level": "INFO", "name": "root", "message": " : LoginUser - {} From: Graphql", "taskName": "Task-4"}
{"server": "GraphQL-DB", "asctime": "2024-06-14 17:28:49,374", "level": "INFO", "name": "httpx", "message": "HTTP Request: POST http://127.0.0.1:5001/login/ \"HTTP/1.1 200 OK\"", "taskName": "Task-5"}
{"server": "GraphQL-DB", "asctime": "2024-06-14 17:29:11,770", "level": "INFO", "name": "root", "message": " : LoginUser - {} From: Graphql", "taskName": "Task-8"}
{"server": "GraphQL-DB", "asctime": "2024-06-14 17:29:12,312", "level": "INFO", "name": "httpx", "message": "HTTP Request: POST http://127.0.0.1:5001/login/ \"HTTP/1.1 200 OK\"", "taskName": "Task-9"}
{"server": "GraphQL-DB", "asctime": "2024-06-14 17:35:40,794", "level": "INFO", "name": "root", "message": " : LoginUser - {} From: Graphql", "taskName": "Task-4"}
{"server": "GraphQL-DB", "asctime": "2024-06-14 17:35:41,297", "level": "INFO", "name": "httpx", "message": "HTTP Request: POST http://127.0.0.1:5001/login/ \"HTTP/1.1 200 OK\"", "taskName": "Task-5"}
{"server": "GraphQL-DB", "asctime": "2024-06-14 17:36:05,670", "level": "INFO", "name": "root", "message": " : LoginUser - {} From: Graphql", "taskName": "Task-8"}
{"server": "GraphQL-DB", "asctime": "2024-06-14 17:36:06,126", "level": "INFO", "name": "httpx", "message": "HTTP Request: POST http://127.0.0.1:5001/login/ \"HTTP/1.1 200 OK\"", "taskName": "Task-9"}
{"server": "GraphQL-DB", "asctime": "2024-06-14 17:37:07,771", "level": "INFO", "name": "root", "message": " : LoginUser - {} From: Graphql", "taskName": "Task-4"}
{"server": "GraphQL-DB", "asctime": "2024-06-14 17:37:08,259", "level": "INFO", "name": "httpx", "message": "HTTP Request: POST http://127.0.0.1:5001/login/ \"HTTP/1.1 200 OK\"", "taskName": "Task-5"}
{"server": "GraphQL-DB", "asctime": "2024-06-14 17:38:02,734", "level": "INFO", "name": "root", "message": " : LoginUser - {} From: Graphql", "taskName": "Task-4"}
{"server": "GraphQL-DB", "asctime": "2024-06-14 17:38:03,211", "level": "INFO", "name": "httpx", "message": "HTTP Request: POST http://127.0.0.1:5001/login/ \"HTTP/1.1 200 OK\"", "taskName": "Task-5"}
{"server": "GraphQL-DB", "asctime": "2024-06-14 17:38:04,370", "level": "INFO", "name": "root", "message": " : LoginUser - {} From: Graphql", "taskName": "Task-8"}
{"server": "GraphQL-DB", "asctime": "2024-06-14 17:38:04,861", "level": "INFO", "name": "httpx", "message": "HTTP Request: POST http://127.0.0.1:5001/login/ \"HTTP/1.1 200 OK\"", "taskName": "Task-9"}
{"server": "GraphQL-DB", "asctime": "2024-06-14 17:38:16,385", "level": "INFO", "name": "root", "message": " : LoginUser - {} From: Graphql", "taskName": "Task-12"}
{"server": "GraphQL-DB", "asctime": "2024-06-14 17:38:16,865", "level": "INFO", "name": "httpx", "message": "HTTP Request: POST http://127.0.0.1:5001/login/ \"HTTP/1.1 200 OK\"", "taskName": "Task-13"}
{"server": "GraphQL-DB", "asctime": "2024-06-14 17:41:31,199", "level": "INFO", "name": "root", "message": " : LoginUser - {} From: Graphql", "taskName": "Task-16"}
{"server": "GraphQL-DB", "asctime": "2024-06-14 17:41:31,679", "level": "INFO", "name": "httpx", "message": "HTTP Request: POST http://127.0.0.1:5001/login/ \"HTTP/1.1 200 OK\"", "taskName": "Task-17"}
{"server": "GraphQL-DB", "asctime": "2024-06-14 17:41:48,307", "level": "INFO", "name": "root", "message": " : LoginUser - {} From: Graphql", "taskName": "Task-4"}
{"server": "GraphQL-DB", "asctime": "2024-06-14 17:41:48,770", "level": "INFO", "name": "httpx", "message": "HTTP Request: POST http://127.0.0.1:5001/login/ \"HTTP/1.1 200 OK\"", "taskName": "Task-5"}
{"server": "GraphQL-DB", "asctime": "2024-06-15 09:34:25,838", "level": "INFO", "name": "root", "message": " : No_name - {} From: Graphql", "taskName": "Task-4"}
{"server": "GraphQL-DB", "asctime": "2024-06-15 09:34:25,839", "level": "ERROR", "name": "root", "message": "(<class 'jwt.exceptions.ExpiredSignatureError'>, ExpiredSignatureError('Signature has expired'), <traceback object at 0x000002D9F3295F80>) : Token decode From: 26", "taskName": "Task-4"}
{"server": "GraphQL-DB", "asctime": "2024-06-15 09:35:00,762", "level": "INFO", "name": "root", "message": " : No_name - {} From: Graphql", "taskName": "Task-6"}
{"server": "GraphQL-DB", "asctime": "2024-06-15 09:35:00,762", "level": "ERROR", "name": "root", "message": "(<class 'jwt.exceptions.ExpiredSignatureError'>, ExpiredSignatureError('Signature has expired'), <traceback object at 0x000002D9F32CC6C0>) : Token decode From: 26", "taskName": "Task-6"}
{"server": "GraphQL-DB", "asctime": "2024-06-15 09:35:37,869", "level": "INFO", "name": "root", "message": " : LoginUser - {} From: Graphql", "taskName": "Task-4"}
{"server": "GraphQL-DB", "asctime": "2024-06-15 09:35:40,084", "level": "ERROR", "name": "root", "message": "(<class 'httpx.ConnectError'>, ConnectError('All connection attempts failed'), <traceback object at 0x000001CA6517FA40>) : send_request, REST From: 51", "taskName": "Task-5"}
{"server": "GraphQL-DB", "asctime": "2024-06-15 09:37:36,041", "level": "INFO", "name": "root", "message": " : LoginUser - {} From: Graphql", "taskName": "Task-4"}
{"server": "GraphQL-DB", "asctime": "2024-06-15 09:37:38,234", "level": "ERROR", "name": "root", "message": "(<class 'httpx.ConnectError'>, ConnectError('All connection attempts failed'), <traceback object at 0x00000184B6808900>) : send_request, REST From: 51", "taskName": "Task-5"}
{"server": "GraphQL-DB", "asctime": "2024-06-15 09:38:51,357", "level": "INFO", "name": "root", "message": " : LoginUser - {} From: Graphql", "taskName": "Task-4"}
{"server": "GraphQL-DB", "asctime": "2024-06-15 09:38:53,549", "level": "ERROR", "name": "root", "message": "(<class 'httpx.ConnectError'>, ConnectError('All connection attempts failed'), <traceback object at 0x00000187F1385F40>) : send_request, REST From: 51", "taskName": "Task-5"}
{"server": "GraphQL-DB", "asctime": "2024-06-15 09:42:57,662", "level": "INFO", "name": "root", "message": " : LoginUser - {} From: Graphql", "taskName": "Task-4"}
{"server": "GraphQL-DB", "asctime": "2024-06-15 09:42:59,886", "level": "ERROR", "name": "root", "message": "(<class 'httpx.ConnectError'>, ConnectError('All connection attempts failed'), <traceback object at 0x000001C787D00C00>) : send_request, REST From: 51", "taskName": "Task-5"}
{"server": "GraphQL-DB", "asctime": "2024-06-15 09:43:32,004", "level": "INFO", "name": "root", "message": " : LoginUser - {} From: Graphql", "taskName": "Task-4"}
{"server": "GraphQL-DB", "asctime": "2024-06-15 09:43:34,198", "level": "ERROR", "name": "root", "message": "(<class 'httpx.ConnectError'>, ConnectError('All connection attempts failed'), <traceback object at 0x0000023BE4DB0480>) : send_request, REST From: 51", "taskName": "Task-5"}
{"server": "GraphQL-DB", "asctime": "2024-06-15 09:43:43,815", "level": "INFO", "name": "root", "message": " : LoginUser - {} From: Graphql", "taskName": "Task-4"}
{"server": "GraphQL-DB", "asctime": "2024-06-15 09:43:46,004", "level": "ERROR", "name": "root", "message": "(<class 'httpx.ConnectError'>, ConnectError('All connection attempts failed'), <traceback object at 0x000001C8D93A1840>) : send_request, REST From: 51", "taskName": "Task-5"}
{"server": "GraphQL-DB", "asctime": "2024-06-15 09:43:47,140", "level": "INFO", "name": "root", "message": " : No_name - {} From: Graphql", "taskName": "Task-8"}
{"server": "GraphQL-DB", "asctime": "2024-06-15 09:43:47,140", "level": "ERROR", "name": "root", "message": "(<class 'jwt.exceptions.ExpiredSignatureError'>, ExpiredSignatureError('Signature has expired'), <traceback object at 0x000001C8D93E0EC0>) : Token decode From: 26", "taskName": "Task-8"}
{"server": "GraphQL-DB", "asctime": "2024-06-15 09:45:57,137", "level": "INFO", "name": "root", "message": " : LoginUser - {} From: Graphql", "taskName": "Task-4"}
{"server": "GraphQL-DB", "asctime": "2024-06-15 09:45:59,318", "level": "ERROR", "name": "root", "message": "(<class 'httpx.ConnectError'>, ConnectError('All connection attempts failed'), <traceback object at 0x0000022FB9434680>) : send_request, REST From: 51", "taskName": "Task-5"}
{"server": "GraphQL-DB", "asctime": "2024-06-15 14:55:36,032", "level": "INFO", "name": "root", "message": " : No_name - {} From: Graphql", "taskName": "Task-4"}
{"server": "GraphQL-DB", "asctime": "2024-06-15 14:55:36,033", "level": "ERROR", "name": "root", "message": "(<class 'jwt.exceptions.ExpiredSignatureError'>, ExpiredSignatureError('Signature has expired'), <traceback object at 0x00000294C4C36040>) : Token decode From: 26", "taskName": "Task-4"}
{"server": "GraphQL-DB", "asctime": "2024-06-15 14:55:40,043", "level": "INFO", "name": "root", "message": " : LoginUser - {} From: Graphql", "taskName": "Task-6"}
{"server": "GraphQL-DB", "asctime": "2024-06-15 14:55:40,534", "level": "INFO", "name": "httpx", "message": "HTTP Request: POST http://127.0.0.1:5001/login/ \"HTTP/1.1 200 OK\"", "taskName": "Task-7"}
{"server": "GraphQL-DB", "asctime": "2024-06-15 14:55:48,702", "level": "INFO", "name": "root", "message": " : LoginUser - {} From: Graphql", "taskName": "Task-10"}
{"server": "GraphQL-DB", "asctime": "2024-06-15 14:55:49,160", "level": "INFO", "name": "httpx", "message": "HTTP Request: POST http://127.0.0.1:5001/login/ \"HTTP/1.1 200 OK\"", "taskName": "Task-11"}
{"server": "GraphQL-DB", "asctime": "2024-06-15 15:03:17,519", "level": "INFO", "name": "root", "message": " : LoginUser - {} From: Graphql", "taskName": "Task-4"}
{"server": "GraphQL-DB", "asctime": "2024-06-15 15:03:17,523", "level": "ERROR", "name": "ariadne", "message": "afterrequest() got an unexpected keyword argument 'login_user'\n\nGraphQL request:2:5\n1 | query LoginUser {\n2 |     loginUser(login_user: \"giovannyjunco@gmail.com\", login_password: \"aqHT7854+\") {\n  |     ^\n3 |         message", "exc_info": "Traceback (most recent call last):\n  File \"D:\\Backend\\auditando\\graphql\\.auditando_ariadne\\Lib\\site-packages\\graphql\\execution\\execute.py\", line 521, in execute_field\n    result = resolve_fn(source, info, **args)\n             ^^^^^^^^^^^^^^^^^^^^^^^^^^^^^^^^\nTypeError: afterrequest() got an unexpected keyword argument 'login_user'\n\nThe above exception was the direct cause of the following exception:\n\nTraceback (most recent call last):\n  File \"D:\\Backend\\auditando\\graphql\\.auditando_ariadne\\Lib\\site-packages\\graphql\\execution\\execute.py\", line 521, in execute_field\n    result = resolve_fn(source, info, **args)\n             ^^^^^^^^^^^^^^^^^^^^^^^^^^^^^^^^\ngraphql.error.graphql_error.GraphQLError: afterrequest() got an unexpected keyword argument 'login_user'\n\nGraphQL request:2:5\n1 | query LoginUser {\n2 |     loginUser(login_user: \"giovannyjunco@gmail.com\", login_password: \"aqHT7854+\") {\n  |     ^\n3 |         message", "taskName": "Task-4"}
{"server": "GraphQL-DB", "asctime": "2024-06-15 15:03:36,718", "level": "INFO", "name": "root", "message": " : LoginUser - {} From: Graphql", "taskName": "Task-4"}
{"server": "GraphQL-DB", "asctime": "2024-06-15 15:03:36,721", "level": "ERROR", "name": "ariadne", "message": "afterrequest() got an unexpected keyword argument 'login_user'\n\nGraphQL request:2:5\n1 | query LoginUser {\n2 |     loginUser(login_user: \"giovannyjunco@gmail.com\", login_password: \"aqHT7854+\") {\n  |     ^\n3 |         message", "exc_info": "Traceback (most recent call last):\n  File \"D:\\Backend\\auditando\\graphql\\.auditando_ariadne\\Lib\\site-packages\\graphql\\execution\\execute.py\", line 521, in execute_field\n    result = resolve_fn(source, info, **args)\n             ^^^^^^^^^^^^^^^^^^^^^^^^^^^^^^^^\nTypeError: afterrequest() got an unexpected keyword argument 'login_user'\n\nThe above exception was the direct cause of the following exception:\n\nTraceback (most recent call last):\n  File \"D:\\Backend\\auditando\\graphql\\.auditando_ariadne\\Lib\\site-packages\\graphql\\execution\\execute.py\", line 521, in execute_field\n    result = resolve_fn(source, info, **args)\n             ^^^^^^^^^^^^^^^^^^^^^^^^^^^^^^^^\ngraphql.error.graphql_error.GraphQLError: afterrequest() got an unexpected keyword argument 'login_user'\n\nGraphQL request:2:5\n1 | query LoginUser {\n2 |     loginUser(login_user: \"giovannyjunco@gmail.com\", login_password: \"aqHT7854+\") {\n  |     ^\n3 |         message", "taskName": "Task-4"}
{"server": "GraphQL-DB", "asctime": "2024-06-15 15:04:02,309", "level": "INFO", "name": "root", "message": " : LoginUser - {} From: Graphql", "taskName": "Task-4"}
{"server": "GraphQL-DB", "asctime": "2024-06-15 15:04:02,764", "level": "INFO", "name": "httpx", "message": "HTTP Request: POST http://127.0.0.1:5001/login/ \"HTTP/1.1 200 OK\"", "taskName": "Task-5"}
{"server": "GraphQL-DB", "asctime": "2024-06-15 15:13:42,435", "level": "INFO", "name": "root", "message": " : No_name - {} From: Graphql", "taskName": "Task-8"}
{"server": "GraphQL-DB", "asctime": "2024-06-15 15:13:42,436", "level": "ERROR", "name": "root", "message": "(<class 'jwt.exceptions.ExpiredSignatureError'>, ExpiredSignatureError('Signature has expired'), <traceback object at 0x000001EB1947FE80>) : Token decode From: 26", "taskName": "Task-8"}
{"server": "GraphQL-DB", "asctime": "2024-06-18 13:45:51,106", "level": "INFO", "name": "root", "message": " : No_name - {} From: Graphql", "taskName": "Task-4"}
{"server": "GraphQL-DB", "asctime": "2024-06-18 13:45:51,107", "level": "ERROR", "name": "root", "message": "(<class 'jwt.exceptions.ExpiredSignatureError'>, ExpiredSignatureError('Signature has expired'), <traceback object at 0x000001E126923440>) : Token decode From: 26", "taskName": "Task-4"}
{"server": "GraphQL-DB", "asctime": "2024-06-18 13:45:58,355", "level": "INFO", "name": "root", "message": " : LoginUser - {} From: Graphql", "taskName": "Task-6"}
{"server": "GraphQL-DB", "asctime": "2024-06-18 13:45:58,916", "level": "INFO", "name": "httpx", "message": "HTTP Request: POST http://127.0.0.1:5001/login/ \"HTTP/1.1 200 OK\"", "taskName": "Task-7"}
{"server": "GraphQL-DB", "asctime": "2024-06-18 13:46:54,853", "level": "INFO", "name": "root", "message": " : LoginUser - {} From: Graphql", "taskName": "Task-4"}
{"server": "GraphQL-DB", "asctime": "2024-06-18 13:46:55,360", "level": "INFO", "name": "httpx", "message": "HTTP Request: POST http://127.0.0.1:5001/login/ \"HTTP/1.1 200 OK\"", "taskName": "Task-5"}
{"server": "GraphQL-DB", "asctime": "2024-06-18 13:47:25,803", "level": "INFO", "name": "root", "message": " : GetUser - {} From: Graphql", "taskName": "Task-8"}
{"server": "GraphQL-DB", "asctime": "2024-06-18 13:47:25,806", "level": "ERROR", "name": "root", "message": "(<class 'TypeError'>, TypeError(\"ResolverRequest.__init__() got an unexpected keyword argument 'jaeger'\"), <traceback object at 0x0000022949027600>) : resolve_users, query From: 88", "taskName": "Task-9"}
{"server": "GraphQL-DB", "asctime": "2024-06-18 13:49:48,757", "level": "INFO", "name": "root", "message": " : GetUser - {} From: Graphql", "taskName": "Task-4"}
{"server": "GraphQL-DB", "asctime": "2024-06-18 13:49:48,765", "level": "ERROR", "name": "root", "message": "(<class 'TypeError'>, TypeError(\"object dict can't be used in 'await' expression\"), <traceback object at 0x0000018974DD9B80>) : resolve_default, query From: 82", "taskName": "Task-5"}
{"server": "GraphQL-DB", "asctime": "2024-06-18 13:50:51,921", "level": "INFO", "name": "root", "message": " : GetUser - {} From: Graphql", "taskName": "Task-4"}
{"server": "GraphQL-DB", "asctime": "2024-06-18 13:50:51,929", "level": "ERROR", "name": "root", "message": "(<class 'TypeError'>, TypeError(\"object dict can't be used in 'await' expression\"), <traceback object at 0x0000021A379B47C0>) : resolve_default, query From: 83", "taskName": "Task-5"}
{"server": "GraphQL-DB", "asctime": "2024-06-18 14:12:31,245", "level": "INFO", "name": "root", "message": " : No_name - {} From: Graphql", "taskName": "Task-7"}
{"server": "GraphQL-DB", "asctime": "2024-06-18 14:13:56,573", "level": "INFO", "name": "root", "message": " : GetUser - {} From: Graphql", "taskName": "Task-4"}
{"server": "GraphQL-DB", "asctime": "2024-06-18 14:14:33,199", "level": "INFO", "name": "root", "message": " : GetUser - {} From: Graphql", "taskName": "Task-7"}
{"server": "GraphQL-DB", "asctime": "2024-06-18 14:14:34,483", "level": "INFO", "name": "root", "message": " : GetUser - {} From: Graphql", "taskName": "Task-10"}
{"server": "GraphQL-DB", "asctime": "2024-06-18 14:23:13,640", "level": "INFO", "name": "root", "message": " : GetUser - {} From: Graphql", "taskName": "Task-4"}
{"server": "GraphQL-DB", "asctime": "2024-06-18 14:23:13,647", "level": "ERROR", "name": "root", "message": "(<class 'TypeError'>, TypeError('ResolverRequest.load_get_parameters() takes 1 positional argument but 2 were given'), <traceback object at 0x000001F68BCBF040>) : resolve_default, query From: 88", "taskName": "Task-5"}
{"server": "GraphQL-DB", "asctime": "2024-06-18 14:24:20,744", "level": "INFO", "name": "root", "message": " : GetUser - {} From: Graphql", "taskName": "Task-4"}
{"server": "GraphQL-DB", "asctime": "2024-06-18 14:24:20,992", "level": "INFO", "name": "httpx", "message": "HTTP Request: GET http://127.0.0.1:5001/users/? \"HTTP/1.1 200 OK\"", "taskName": "Task-5"}
{"server": "GraphQL-DB", "asctime": "2024-06-18 14:24:55,520", "level": "INFO", "name": "root", "message": " : GetUser - {} From: Graphql", "taskName": "Task-4"}
{"server": "GraphQL-DB", "asctime": "2024-06-18 14:24:55,726", "level": "INFO", "name": "httpx", "message": "HTTP Request: GET http://127.0.0.1:5001/users/? \"HTTP/1.1 500 Internal Server Error\"", "taskName": "Task-5"}
{"server": "GraphQL-DB", "asctime": "2024-06-18 14:25:13,432", "level": "INFO", "name": "root", "message": " : GetUser - {} From: Graphql", "taskName": "Task-8"}
{"server": "GraphQL-DB", "asctime": "2024-06-18 14:25:13,606", "level": "INFO", "name": "httpx", "message": "HTTP Request: GET http://127.0.0.1:5001/users/? \"HTTP/1.1 500 Internal Server Error\"", "taskName": "Task-9"}
{"server": "GraphQL-DB", "asctime": "2024-06-18 14:29:16,412", "level": "INFO", "name": "root", "message": " : GetUser - {} From: Graphql", "taskName": "Task-12"}
{"server": "GraphQL-DB", "asctime": "2024-06-18 14:29:16,594", "level": "INFO", "name": "httpx", "message": "HTTP Request: GET http://127.0.0.1:5001/users/? \"HTTP/1.1 500 Internal Server Error\"", "taskName": "Task-13"}
{"server": "GraphQL-DB", "asctime": "2024-06-18 14:32:05,185", "level": "INFO", "name": "root", "message": " : GetUser - {} From: Graphql", "taskName": "Task-16"}
{"server": "GraphQL-DB", "asctime": "2024-06-18 14:32:05,416", "level": "INFO", "name": "httpx", "message": "HTTP Request: GET http://127.0.0.1:5001/users/? \"HTTP/1.1 500 Internal Server Error\"", "taskName": "Task-17"}
{"server": "GraphQL-DB", "asctime": "2024-06-18 14:34:13,893", "level": "INFO", "name": "root", "message": " : GetUser - {} From: Graphql", "taskName": "Task-20"}
{"server": "GraphQL-DB", "asctime": "2024-06-18 14:34:14,085", "level": "INFO", "name": "httpx", "message": "HTTP Request: GET http://127.0.0.1:5001/users/? \"HTTP/1.1 500 Internal Server Error\"", "taskName": "Task-21"}
{"server": "GraphQL-DB", "asctime": "2024-06-18 14:35:17,155", "level": "INFO", "name": "root", "message": " : GetUser - {} From: Graphql", "taskName": "Task-24"}
{"server": "GraphQL-DB", "asctime": "2024-06-18 14:35:17,335", "level": "INFO", "name": "httpx", "message": "HTTP Request: GET http://127.0.0.1:5001/users/? \"HTTP/1.1 500 Internal Server Error\"", "taskName": "Task-25"}
{"server": "GraphQL-DB", "asctime": "2024-06-18 14:44:41,676", "level": "INFO", "name": "root", "message": " : GetUser - {} From: Graphql", "taskName": "Task-28"}
{"server": "GraphQL-DB", "asctime": "2024-06-18 14:44:41,877", "level": "INFO", "name": "httpx", "message": "HTTP Request: GET http://127.0.0.1:5001/users/? \"HTTP/1.1 500 Internal Server Error\"", "taskName": "Task-29"}
{"server": "GraphQL-DB", "asctime": "2024-06-18 14:49:04,459", "level": "INFO", "name": "root", "message": " : GetUser - {} From: Graphql", "taskName": "Task-32"}
{"server": "GraphQL-DB", "asctime": "2024-06-18 14:49:04,687", "level": "INFO", "name": "httpx", "message": "HTTP Request: GET http://127.0.0.1:5001/users/? \"HTTP/1.1 200 OK\"", "taskName": "Task-33"}
{"server": "GraphQL-DB", "asctime": "2024-06-18 14:58:35,079", "level": "INFO", "name": "root", "message": " : GetUser - {} From: Graphql", "taskName": "Task-36"}
{"server": "GraphQL-DB", "asctime": "2024-06-18 14:58:35,303", "level": "INFO", "name": "httpx", "message": "HTTP Request: GET http://127.0.0.1:5001/users/? \"HTTP/1.1 200 OK\"", "taskName": "Task-37"}
{"server": "GraphQL-DB", "asctime": "2024-06-18 14:58:57,609", "level": "INFO", "name": "root", "message": " : GetUser - {} From: Graphql", "taskName": "Task-40"}
{"server": "GraphQL-DB", "asctime": "2024-06-18 14:58:57,777", "level": "INFO", "name": "httpx", "message": "HTTP Request: GET http://127.0.0.1:5001/users/? \"HTTP/1.1 500 Internal Server Error\"", "taskName": "Task-41"}
{"server": "GraphQL-DB", "asctime": "2024-06-18 15:01:29,613", "level": "INFO", "name": "root", "message": " : GetUser - {} From: Graphql", "taskName": "Task-44"}
{"server": "GraphQL-DB", "asctime": "2024-06-18 15:01:29,862", "level": "INFO", "name": "httpx", "message": "HTTP Request: GET http://127.0.0.1:5001/users/? \"HTTP/1.1 200 OK\"", "taskName": "Task-45"}
{"server": "GraphQL-DB", "asctime": "2024-06-18 15:08:36,077", "level": "INFO", "name": "root", "message": " : GetUser - {} From: Graphql", "taskName": "Task-48"}
{"server": "GraphQL-DB", "asctime": "2024-06-18 15:08:36,272", "level": "INFO", "name": "httpx", "message": "HTTP Request: GET http://127.0.0.1:5001/users/? \"HTTP/1.1 500 Internal Server Error\"", "taskName": "Task-49"}
{"server": "GraphQL-DB", "asctime": "2024-06-18 15:08:48,451", "level": "INFO", "name": "root", "message": " : GetUser - {} From: Graphql", "taskName": "Task-52"}
{"server": "GraphQL-DB", "asctime": "2024-06-18 15:08:48,655", "level": "INFO", "name": "httpx", "message": "HTTP Request: GET http://127.0.0.1:5001/users/? \"HTTP/1.1 500 Internal Server Error\"", "taskName": "Task-53"}
{"server": "GraphQL-DB", "asctime": "2024-06-18 15:09:14,728", "level": "INFO", "name": "root", "message": " : GetUser - {} From: Graphql", "taskName": "Task-56"}
{"server": "GraphQL-DB", "asctime": "2024-06-18 15:09:14,947", "level": "INFO", "name": "httpx", "message": "HTTP Request: GET http://127.0.0.1:5001/users/? \"HTTP/1.1 200 OK\"", "taskName": "Task-57"}
{"server": "GraphQL-DB", "asctime": "2024-06-18 15:10:33,543", "level": "INFO", "name": "root", "message": " : GetUser - {} From: Graphql", "taskName": "Task-60"}
{"server": "GraphQL-DB", "asctime": "2024-06-18 15:10:33,785", "level": "INFO", "name": "httpx", "message": "HTTP Request: GET http://127.0.0.1:5001/users/? \"HTTP/1.1 200 OK\"", "taskName": "Task-61"}
{"server": "GraphQL-DB", "asctime": "2024-06-18 15:12:03,756", "level": "INFO", "name": "root", "message": " : GetUser - {} From: Graphql", "taskName": "Task-64"}
{"server": "GraphQL-DB", "asctime": "2024-06-18 15:12:03,998", "level": "INFO", "name": "httpx", "message": "HTTP Request: GET http://127.0.0.1:5001/users/? \"HTTP/1.1 200 OK\"", "taskName": "Task-65"}
{"server": "GraphQL-DB", "asctime": "2024-06-18 15:14:36,687", "level": "INFO", "name": "root", "message": " : GetUser - {} From: Graphql", "taskName": "Task-68"}
{"server": "GraphQL-DB", "asctime": "2024-06-18 15:14:36,906", "level": "INFO", "name": "httpx", "message": "HTTP Request: GET http://127.0.0.1:5001/users/? \"HTTP/1.1 200 OK\"", "taskName": "Task-69"}
{"server": "GraphQL-DB", "asctime": "2024-06-18 15:14:53,454", "level": "INFO", "name": "root", "message": " : GetUser - {} From: Graphql", "taskName": "Task-72"}
{"server": "GraphQL-DB", "asctime": "2024-06-18 15:14:53,636", "level": "INFO", "name": "httpx", "message": "HTTP Request: GET http://127.0.0.1:5001/users/? \"HTTP/1.1 200 OK\"", "taskName": "Task-73"}
{"server": "GraphQL-DB", "asctime": "2024-06-18 15:29:40,542", "level": "INFO", "name": "root", "message": " : GetUser - {} From: Graphql", "taskName": "Task-4"}
{"server": "GraphQL-DB", "asctime": "2024-06-18 15:29:40,733", "level": "INFO", "name": "httpx", "message": "HTTP Request: GET http://127.0.0.1:5001/users/? \"HTTP/1.1 200 OK\"", "taskName": "Task-5"}
{"server": "GraphQL-DB", "asctime": "2024-06-18 15:31:44,765", "level": "INFO", "name": "root", "message": " : GetUser - {} From: Graphql", "taskName": "Task-4"}
{"server": "GraphQL-DB", "asctime": "2024-06-18 15:31:44,962", "level": "INFO", "name": "httpx", "message": "HTTP Request: GET http://127.0.0.1:5001/users/? \"HTTP/1.1 200 OK\"", "taskName": "Task-5"}
{"server": "GraphQL-DB", "asctime": "2024-06-18 16:33:44,619", "level": "INFO", "name": "root", "message": " : No_name - {} From: Graphql", "taskName": "Task-4"}
{"server": "GraphQL-DB", "asctime": "2024-06-18 16:33:44,619", "level": "ERROR", "name": "root", "message": "(<class 'jwt.exceptions.ExpiredSignatureError'>, ExpiredSignatureError('Signature has expired'), <traceback object at 0x000001D6B53A8980>) : Token decode From: 26", "taskName": "Task-4"}
{"server": "GraphQL-DB", "asctime": "2024-06-18 16:33:46,259", "level": "INFO", "name": "root", "message": " : LoginUser - {} From: Graphql", "taskName": "Task-6"}
{"server": "GraphQL-DB", "asctime": "2024-06-18 16:33:47,118", "level": "INFO", "name": "httpx", "message": "HTTP Request: POST http://127.0.0.1:5001/login/ \"HTTP/1.1 200 OK\"", "taskName": "Task-7"}
{"server": "GraphQL-DB", "asctime": "2024-06-18 16:34:00,783", "level": "INFO", "name": "root", "message": " : LoginUser - {} From: Graphql", "taskName": "Task-10"}
{"server": "GraphQL-DB", "asctime": "2024-06-18 16:34:00,974", "level": "INFO", "name": "httpx", "message": "HTTP Request: GET http://127.0.0.1:5001/users/? \"HTTP/1.1 401 Unauthorized\"", "taskName": "Task-11"}
{"server": "GraphQL-DB", "asctime": "2024-06-18 16:34:58,461", "level": "INFO", "name": "root", "message": " : LoginUser - {} From: Graphql", "taskName": "Task-14"}
{"server": "GraphQL-DB", "asctime": "2024-06-18 16:34:58,462", "level": "ERROR", "name": "ariadne", "message": "Expected value of type 'String!', found null.\n\nGraphQL request:2:27\n1 | query LoginUser {\n2 |     loginUser(login_user: null, login_password: null) {\n  |                           ^\n3 |         message", "exc_info": "graphql.error.graphql_error.GraphQLError: Expected value of type 'String!', found null.\n\nGraphQL request:2:27\n1 | query LoginUser {\n2 |     loginUser(login_user: null, login_password: null) {\n  |                           ^\n3 |         message", "taskName": "Task-14"}
{"server": "GraphQL-DB", "asctime": "2024-06-18 16:34:58,463", "level": "ERROR", "name": "ariadne", "message": "Expected value of type 'String!', found null.\n\nGraphQL request:2:49\n1 | query LoginUser {\n2 |     loginUser(login_user: null, login_password: null) {\n  |                                                 ^\n3 |         message", "exc_info": "graphql.error.graphql_error.GraphQLError: Expected value of type 'String!', found null.\n\nGraphQL request:2:49\n1 | query LoginUser {\n2 |     loginUser(login_user: null, login_password: null) {\n  |                                                 ^\n3 |         message", "taskName": "Task-14"}
{"server": "GraphQL-DB", "asctime": "2024-06-18 16:35:14,235", "level": "INFO", "name": "root", "message": " : GetUser - {} From: Graphql", "taskName": "Task-16"}
{"server": "GraphQL-DB", "asctime": "2024-06-18 16:35:14,462", "level": "INFO", "name": "httpx", "message": "HTTP Request: GET http://127.0.0.1:5001/users/? \"HTTP/1.1 200 OK\"", "taskName": "Task-17"}
{"server": "GraphQL-DB", "asctime": "2024-06-18 16:38:27,550", "level": "INFO", "name": "root", "message": " : GetUser - {} From: Graphql", "taskName": "Task-20"}
{"server": "GraphQL-DB", "asctime": "2024-06-18 16:38:27,742", "level": "INFO", "name": "httpx", "message": "HTTP Request: GET http://127.0.0.1:5001/users/? \"HTTP/1.1 200 OK\"", "taskName": "Task-21"}
{"server": "GraphQL-DB", "asctime": "2024-06-18 16:39:53,990", "level": "INFO", "name": "root", "message": " : GetUser - {} From: Graphql", "taskName": "Task-4"}
{"server": "GraphQL-DB", "asctime": "2024-06-18 16:39:54,191", "level": "INFO", "name": "httpx", "message": "HTTP Request: GET http://127.0.0.1:5001/users/? \"HTTP/1.1 200 OK\"", "taskName": "Task-5"}
{"server": "GraphQL-DB", "asctime": "2024-06-18 16:39:57,903", "level": "INFO", "name": "root", "message": " : GetUser - {} From: Graphql", "taskName": "Task-8"}
{"server": "GraphQL-DB", "asctime": "2024-06-18 16:39:58,083", "level": "INFO", "name": "httpx", "message": "HTTP Request: GET http://127.0.0.1:5001/users/? \"HTTP/1.1 200 OK\"", "taskName": "Task-9"}
{"server": "GraphQL-DB", "asctime": "2024-06-18 16:42:18,255", "level": "INFO", "name": "root", "message": " : GetUser - {} From: Graphql", "taskName": "Task-4"}
{"server": "GraphQL-DB", "asctime": "2024-06-18 16:42:18,441", "level": "INFO", "name": "httpx", "message": "HTTP Request: GET http://127.0.0.1:5001/users/? \"HTTP/1.1 200 OK\"", "taskName": "Task-5"}
{"server": "GraphQL-DB", "asctime": "2024-06-18 16:45:58,217", "level": "INFO", "name": "root", "message": " : GetUser - {} From: Graphql", "taskName": "Task-4"}
{"server": "GraphQL-DB", "asctime": "2024-06-18 16:45:58,424", "level": "INFO", "name": "httpx", "message": "HTTP Request: GET http://127.0.0.1:5001/users/? \"HTTP/1.1 200 OK\"", "taskName": "Task-5"}
{"server": "GraphQL-DB", "asctime": "2024-06-18 16:47:08,070", "level": "INFO", "name": "root", "message": " : GetUser - {} From: Graphql", "taskName": "Task-4"}
{"server": "GraphQL-DB", "asctime": "2024-06-18 16:47:08,276", "level": "INFO", "name": "httpx", "message": "HTTP Request: GET http://127.0.0.1:5001/users/? \"HTTP/1.1 200 OK\"", "taskName": "Task-5"}
{"server": "GraphQL-DB", "asctime": "2024-06-18 16:52:33,143", "level": "INFO", "name": "root", "message": " : GetUser - {} From: Graphql", "taskName": "Task-4"}
{"server": "GraphQL-DB", "asctime": "2024-06-18 16:52:33,323", "level": "INFO", "name": "httpx", "message": "HTTP Request: GET http://127.0.0.1:5001/users/? \"HTTP/1.1 200 OK\"", "taskName": "Task-5"}
{"server": "GraphQL-DB", "asctime": "2024-06-18 16:54:12,142", "level": "INFO", "name": "root", "message": " : GetUser - {} From: Graphql", "taskName": "Task-4"}
{"server": "GraphQL-DB", "asctime": "2024-06-18 16:54:12,327", "level": "INFO", "name": "httpx", "message": "HTTP Request: GET http://127.0.0.1:5001/users/? \"HTTP/1.1 200 OK\"", "taskName": "Task-5"}
{"server": "GraphQL-DB", "asctime": "2024-06-18 16:55:20,625", "level": "INFO", "name": "root", "message": " : GetUser - {} From: Graphql", "taskName": "Task-4"}
{"server": "GraphQL-DB", "asctime": "2024-06-18 16:55:20,820", "level": "INFO", "name": "httpx", "message": "HTTP Request: GET http://127.0.0.1:5001/users/? \"HTTP/1.1 200 OK\"", "taskName": "Task-5"}
{"server": "GraphQL-DB", "asctime": "2024-06-18 16:55:23,336", "level": "INFO", "name": "root", "message": " : GetUser - {} From: Graphql", "taskName": "Task-8"}
{"server": "GraphQL-DB", "asctime": "2024-06-18 16:55:23,525", "level": "INFO", "name": "httpx", "message": "HTTP Request: GET http://127.0.0.1:5001/users/? \"HTTP/1.1 200 OK\"", "taskName": "Task-9"}
{"server": "GraphQL-DB", "asctime": "2024-06-18 16:55:24,465", "level": "INFO", "name": "root", "message": " : GetUser - {} From: Graphql", "taskName": "Task-12"}
{"server": "GraphQL-DB", "asctime": "2024-06-18 16:55:24,643", "level": "INFO", "name": "httpx", "message": "HTTP Request: GET http://127.0.0.1:5001/users/? \"HTTP/1.1 200 OK\"", "taskName": "Task-13"}
{"server": "GraphQL-DB", "asctime": "2024-06-18 16:55:57,939", "level": "INFO", "name": "root", "message": " : GetUser - {} From: Graphql", "taskName": "Task-4"}
{"server": "GraphQL-DB", "asctime": "2024-06-18 16:55:58,122", "level": "INFO", "name": "httpx", "message": "HTTP Request: GET http://127.0.0.1:5001/users/? \"HTTP/1.1 200 OK\"", "taskName": "Task-5"}
{"server": "GraphQL-DB", "asctime": "2024-06-18 16:59:46,130", "level": "INFO", "name": "root", "message": " : GetUser - {} From: Graphql", "taskName": "Task-4"}
{"server": "GraphQL-DB", "asctime": "2024-06-18 16:59:46,136", "level": "ERROR", "name": "root", "message": "(<class 'TypeError'>, TypeError(\"object NoneType can't be used in 'await' expression\"), <traceback object at 0x000001DD09EB68C0>) : resolve_default, query From: 90", "taskName": "Task-5"}
{"server": "GraphQL-DB", "asctime": "2024-06-18 17:04:32,892", "level": "INFO", "name": "root", "message": " : GetUser - {} From: Graphql", "taskName": "Task-4"}
{"server": "GraphQL-DB", "asctime": "2024-06-18 17:04:32,898", "level": "ERROR", "name": "root", "message": "(<class 'TypeError'>, TypeError(\"BackgroundTasks.__init__() missing 1 required positional argument: 'scope'\"), <traceback object at 0x00000158D32CCA00>) : resolve_default, query From: 89", "taskName": "Task-5"}
{"server": "GraphQL-DB", "asctime": "2024-06-18 17:04:32,899", "level": "ERROR", "name": "root", "message": "(<class 'TypeError'>, TypeError(\"BackgroundTasks.__init__() missing 1 required positional argument: 'scope'\"), <traceback object at 0x00000158D15F89C0>) : resolve_default, query From: 72", "taskName": "Task-4"}
{"server": "GraphQL-DB", "asctime": "2024-06-18 17:10:12,948", "level": "ERROR", "name": "root", "message": " Exception_handlers : Not Found - 404 From: http://127.0.0.1:5000/favicon.ico", "taskName": "Task-6"}
{"server": "GraphQL-DB", "asctime": "2024-06-18 17:12:10,953", "level": "INFO", "name": "root", "message": " : GetUser - {} From: Graphql", "taskName": "Task-4"}
{"server": "GraphQL-DB", "asctime": "2024-06-18 17:12:11,156", "level": "INFO", "name": "httpx", "message": "HTTP Request: GET http://127.0.0.1:5001/users/? \"HTTP/1.1 200 OK\"", "taskName": "Task-5"}
{"server": "GraphQL-DB", "asctime": "2024-06-18 17:12:36,112", "level": "INFO", "name": "root", "message": " : GetUser - {} From: Graphql", "taskName": "Task-4"}
{"server": "GraphQL-DB", "asctime": "2024-06-18 17:12:36,310", "level": "INFO", "name": "httpx", "message": "HTTP Request: GET http://127.0.0.1:5001/users/? \"HTTP/1.1 200 OK\"", "taskName": "Task-5"}
{"server": "GraphQL-DB", "asctime": "2024-06-18 17:13:27,782", "level": "ERROR", "name": "root", "message": " Exception_handlers : Not Found - 404 From: http://127.0.0.1:5000/favicon.ico", "taskName": "Task-6"}
{"server": "GraphQL-DB", "asctime": "2024-06-18 17:46:19,631", "level": "INFO", "name": "root", "message": " : GetUser - {} From: Graphql", "taskName": "Task-4"}
{"server": "GraphQL-DB", "asctime": "2024-06-18 17:46:19,855", "level": "INFO", "name": "httpx", "message": "HTTP Request: GET http://127.0.0.1:5001/users/? \"HTTP/1.1 200 OK\"", "taskName": "Task-5"}
{"server": "GraphQL-DB", "asctime": "2024-06-18 17:49:29,578", "level": "INFO", "name": "root", "message": " : No_name - {} From: Graphql", "taskName": "Task-4"}
{"server": "GraphQL-DB", "asctime": "2024-06-18 17:49:29,598", "level": "ERROR", "name": "asgi_background._middleware", "message": "Exception in background task", "exc_info": "Traceback (most recent call last):\n  File \"D:\\Backend\\auditando\\graphql\\.auditando_ariadne\\Lib\\site-packages\\asgi_background\\_middleware.py\", line 60, in coro\n    await tsk()\n          ^^^^^\nTypeError: tasks_background.set_users_redis() takes 0 positional arguments but 1 was given", "taskName": "asgi_background._middleware.BackgroundTaskMiddleware.__call__.<locals>.coro"}
{"server": "GraphQL-DB", "asctime": "2024-06-18 20:24:24,958", "level": "INFO", "name": "root", "message": " : GetUser - {} From: Graphql", "taskName": "Task-4"}
{"server": "GraphQL-DB", "asctime": "2024-06-18 20:24:25,164", "level": "INFO", "name": "httpx", "message": "HTTP Request: GET http://127.0.0.1:5001/users/? \"HTTP/1.1 200 OK\"", "taskName": "Task-5"}
{"server": "GraphQL-DB", "asctime": "2024-06-18 20:25:06,620", "level": "INFO", "name": "root", "message": " : GetUser - {} From: Graphql", "taskName": "Task-10"}
{"server": "GraphQL-DB", "asctime": "2024-06-19 09:43:11,841", "level": "INFO", "name": "root", "message": " : IntrospectionQuery - No_variables From: Graphql", "taskName": "Task-7"}
{"server": "GraphQL-DB", "asctime": "2024-06-19 09:43:11,927", "level": "ERROR", "name": "root", "message": " Exception_handlers : Not Found - 404 From: http://127.0.0.1:5000/favicon.ico", "taskName": "Task-10"}
{"server": "GraphQL-DB", "asctime": "2024-06-19 09:43:38,614", "level": "INFO", "name": "root", "message": " : No_name - {} From: Graphql", "taskName": "Task-12"}
{"server": "GraphQL-DB", "asctime": "2024-06-19 09:43:38,615", "level": "ERROR", "name": "root", "message": "(<class 'jwt.exceptions.ExpiredSignatureError'>, ExpiredSignatureError('Signature has expired'), <traceback object at 0x0000019596F21100>) : Token decode From: 26", "taskName": "Task-12"}
{"server": "GraphQL-DB", "asctime": "2024-06-19 09:43:40,057", "level": "INFO", "name": "root", "message": " : No_name - {} From: Graphql", "taskName": "Task-16"}
{"server": "GraphQL-DB", "asctime": "2024-06-19 09:43:40,058", "level": "ERROR", "name": "root", "message": "(<class 'jwt.exceptions.ExpiredSignatureError'>, ExpiredSignatureError('Signature has expired'), <traceback object at 0x0000019596F5CC80>) : Token decode From: 26", "taskName": "Task-16"}
{"server": "GraphQL-DB", "asctime": "2024-06-19 09:43:42,156", "level": "INFO", "name": "root", "message": " : GetUser - {} From: Graphql", "taskName": "Task-20"}
{"server": "GraphQL-DB", "asctime": "2024-06-19 09:43:42,156", "level": "ERROR", "name": "root", "message": "(<class 'jwt.exceptions.ExpiredSignatureError'>, ExpiredSignatureError('Signature has expired'), <traceback object at 0x0000019596F2C780>) : Token decode From: 26", "taskName": "Task-20"}
{"server": "GraphQL-DB", "asctime": "2024-06-19 09:43:42,346", "level": "INFO", "name": "httpx", "message": "HTTP Request: GET http://127.0.0.1:5001/users/? \"HTTP/1.1 401 Unauthorized\"", "taskName": "Task-21"}
{"server": "GraphQL-DB", "asctime": "2024-06-19 09:44:03,254", "level": "INFO", "name": "root", "message": " : GetUser - {} From: Graphql", "taskName": "Task-26"}
{"server": "GraphQL-DB", "asctime": "2024-06-19 09:45:31,379", "level": "INFO", "name": "root", "message": " : GetUser - No_variables From: Graphql", "taskName": "Task-31"}
{"server": "GraphQL-DB", "asctime": "2024-06-19 09:45:50,943", "level": "INFO", "name": "root", "message": " : IntrospectionQuery - No_variables From: Graphql", "taskName": "Task-38"}
{"server": "GraphQL-DB", "asctime": "2024-06-19 09:45:51,059", "level": "ERROR", "name": "root", "message": " Exception_handlers : Not Found - 404 From: http://127.0.0.1:5000/favicon.ico", "taskName": "Task-41"}
{"server": "GraphQL-DB", "asctime": "2024-06-19 09:45:55,690", "level": "INFO", "name": "root", "message": " : GetUser - No_variables From: Graphql", "taskName": "Task-43"}
{"server": "GraphQL-DB", "asctime": "2024-06-19 09:45:55,861", "level": "INFO", "name": "httpx", "message": "HTTP Request: GET http://127.0.0.1:5001/users/? \"HTTP/1.1 401 Unauthorized\"", "taskName": "Task-44"}
{"server": "GraphQL-DB", "asctime": "2024-06-19 09:46:36,469", "level": "INFO", "name": "root", "message": " : GetUser - No_variables From: Graphql", "taskName": "Task-49"}
{"server": "GraphQL-DB", "asctime": "2024-06-19 09:51:51,889", "level": "INFO", "name": "root", "message": " : GetUser - No_variables From: Graphql", "taskName": "Task-54"}
{"server": "GraphQL-DB", "asctime": "2024-06-19 09:51:53,246", "level": "INFO", "name": "root", "message": " : GetUser - No_variables From: Graphql", "taskName": "Task-58"}
{"server": "GraphQL-DB", "asctime": "2024-06-19 09:52:40,021", "level": "INFO", "name": "root", "message": " : GetUser - No_variables From: Graphql", "taskName": "Task-63"}
{"server": "GraphQL-DB", "asctime": "2024-06-19 09:52:40,204", "level": "INFO", "name": "httpx", "message": "HTTP Request: GET http://127.0.0.1:5001/users/? \"HTTP/1.1 200 OK\"", "taskName": "Task-64"}
{"server": "GraphQL-DB", "asctime": "2024-06-19 09:52:40,205", "level": "ERROR", "name": "ariadne", "message": "Int cannot represent non 32-bit signed integer value: '3114368960'\n\nGraphQL request:16:13\n15 |             userProfessionalCard\n16 |             userPhone\n   |             ^\n17 |             userPermissions", "exc_info": "Traceback (most recent call last):\n  File \"D:\\Backend\\auditando\\graphql\\.auditando_ariadne\\Lib\\site-packages\\graphql\\execution\\execute.py\", line 540, in execute_field\n    completed = self.complete_value(\n                ^^^^^^^^^^^^^^^^^^^^\n  File \"D:\\Backend\\auditando\\graphql\\.auditando_ariadne\\Lib\\site-packages\\graphql\\execution\\execute.py\", line 639, in complete_value\n    return self.complete_leaf_value(cast(GraphQLLeafType, return_type), result)\n           ^^^^^^^^^^^^^^^^^^^^^^^^^^^^^^^^^^^^^^^^^^^^^^^^^^^^^^^^^^^^^^^^^^^^\n  File \"D:\\Backend\\auditando\\graphql\\.auditando_ariadne\\Lib\\site-packages\\graphql\\execution\\execute.py\", line 774, in complete_leaf_value\n    serialized_result = return_type.serialize(result)\n                        ^^^^^^^^^^^^^^^^^^^^^^^^^^^^^\n  File \"D:\\Backend\\auditando\\graphql\\.auditando_ariadne\\Lib\\site-packages\\graphql\\type\\scalars.py\", line 62, in serialize_int\n    raise GraphQLError(\ngraphql.error.graphql_error.GraphQLError: Int cannot represent non 32-bit signed integer value: '3114368960'\n\nGraphQL request:16:13\n15 |             userProfessionalCard\n16 |             userPhone\n   |             ^\n17 |             userPermissions", "taskName": "Task-63"}
{"server": "GraphQL-DB", "asctime": "2024-06-19 09:54:06,673", "level": "INFO", "name": "root", "message": " : LoginUser - {} From: Graphql", "taskName": "Task-69"}
{"server": "GraphQL-DB", "asctime": "2024-06-19 09:54:07,454", "level": "INFO", "name": "httpx", "message": "HTTP Request: POST http://127.0.0.1:5001/login/ \"HTTP/1.1 200 OK\"", "taskName": "Task-70"}
{"server": "GraphQL-DB", "asctime": "2024-06-19 09:54:07,455", "level": "ERROR", "name": "ariadne", "message": "Int cannot represent non 32-bit signed integer value: 3114368960\n\nGraphQL request:16:13\n15 |             userProfessionalCard\n16 |             userPhone\n   |             ^\n17 |             userPermissions", "exc_info": "Traceback (most recent call last):\n  File \"D:\\Backend\\auditando\\graphql\\.auditando_ariadne\\Lib\\site-packages\\graphql\\execution\\execute.py\", line 540, in execute_field\n    completed = self.complete_value(\n                ^^^^^^^^^^^^^^^^^^^^\n  File \"D:\\Backend\\auditando\\graphql\\.auditando_ariadne\\Lib\\site-packages\\graphql\\execution\\execute.py\", line 639, in complete_value\n    return self.complete_leaf_value(cast(GraphQLLeafType, return_type), result)\n           ^^^^^^^^^^^^^^^^^^^^^^^^^^^^^^^^^^^^^^^^^^^^^^^^^^^^^^^^^^^^^^^^^^^^\n  File \"D:\\Backend\\auditando\\graphql\\.auditando_ariadne\\Lib\\site-packages\\graphql\\execution\\execute.py\", line 774, in complete_leaf_value\n    serialized_result = return_type.serialize(result)\n                        ^^^^^^^^^^^^^^^^^^^^^^^^^^^^^\n  File \"D:\\Backend\\auditando\\graphql\\.auditando_ariadne\\Lib\\site-packages\\graphql\\type\\scalars.py\", line 62, in serialize_int\n    raise GraphQLError(\ngraphql.error.graphql_error.GraphQLError: Int cannot represent non 32-bit signed integer value: 3114368960\n\nGraphQL request:16:13\n15 |             userProfessionalCard\n16 |             userPhone\n   |             ^\n17 |             userPermissions", "taskName": "Task-69"}
